2020/06/01 08:35:41 [error] [exception.CHttpException.404] CHttpException: Unable to resolve the request "index". in D:\APP DEVELOPMENT\Tutorial\Yii 2 Framework\Extension\yii-1.1.22\framework\web\CWebApplication.php:286
Stack trace:
#0 D:\APP DEVELOPMENT\Tutorial\Yii 2 Framework\Extension\yii-1.1.22\framework\web\CWebApplication.php(141): CWebApplication->runController('index')
#1 D:\APP DEVELOPMENT\Tutorial\Yii 2 Framework\Extension\yii-1.1.22\framework\base\CApplication.php(185): CWebApplication->processRequest()
#2 C:\xampp\htdocs\siska-yii\index.php(13): CApplication->run()
#3 {main}
REQUEST_URI=/siska-yii/index.php?r=index
---
2020/06/01 08:36:26 [error] [exception.CDbException] CDbException: The table "Guru" for active record class "Guru" cannot be found in the database. in D:\APP DEVELOPMENT\Tutorial\Yii 2 Framework\Extension\yii-1.1.22\framework\db\ar\CActiveRecord.php:2390
Stack trace:
#0 D:\APP DEVELOPMENT\Tutorial\Yii 2 Framework\Extension\yii-1.1.22\framework\db\ar\CActiveRecord.php(413): CActiveRecordMetaData->__construct(Object(Guru))
#1 D:\APP DEVELOPMENT\Tutorial\Yii 2 Framework\Extension\yii-1.1.22\framework\db\ar\CActiveRecord.php(663): CActiveRecord->getMetaData()
#2 D:\APP DEVELOPMENT\Tutorial\Yii 2 Framework\Extension\yii-1.1.22\framework\db\ar\CActiveRecord.php(1358): CActiveRecord->getTableSchema()
#3 D:\APP DEVELOPMENT\Tutorial\Yii 2 Framework\Extension\yii-1.1.22\framework\db\ar\CActiveRecord.php(1478): CActiveRecord->query(Object(CDbCriteria), true)
#4 C:\xampp\htdocs\siska-yii\protected\controllers\GuruController.php(12): CActiveRecord->findAll()
#5 D:\APP DEVELOPMENT\Tutorial\Yii 2 Framework\Extension\yii-1.1.22\framework\web\actions\CInlineAction.php(49): GuruController->actionIndex()
#6 D:\APP DEVELOPMENT\Tutorial\Yii 2 Framework\Extension\yii-1.1.22\framework\web\CController.php(308): CInlineAction->runWithParams(Array)
#7 D:\APP DEVELOPMENT\Tutorial\Yii 2 Framework\Extension\yii-1.1.22\framework\web\CController.php(286): CController->runAction(Object(CInlineAction))
#8 D:\APP DEVELOPMENT\Tutorial\Yii 2 Framework\Extension\yii-1.1.22\framework\web\CController.php(265): CController->runActionWithFilters(Object(CInlineAction), Array)
#9 D:\APP DEVELOPMENT\Tutorial\Yii 2 Framework\Extension\yii-1.1.22\framework\web\CWebApplication.php(282): CController->run('index')
#10 D:\APP DEVELOPMENT\Tutorial\Yii 2 Framework\Extension\yii-1.1.22\framework\web\CWebApplication.php(141): CWebApplication->runController('guru/index')
#11 D:\APP DEVELOPMENT\Tutorial\Yii 2 Framework\Extension\yii-1.1.22\framework\base\CApplication.php(185): CWebApplication->processRequest()
#12 C:\xampp\htdocs\siska-yii\index.php(13): CApplication->run()
#13 {main}
REQUEST_URI=/siska-yii/index.php?r=guru/index
---
2020/06/01 08:46:45 [error] [exception.CDbException] CDbException: The table "Guru" for active record class "Guru" cannot be found in the database. in D:\APP DEVELOPMENT\Tutorial\Yii 2 Framework\Extension\yii-1.1.22\framework\db\ar\CActiveRecord.php:2390
Stack trace:
#0 D:\APP DEVELOPMENT\Tutorial\Yii 2 Framework\Extension\yii-1.1.22\framework\db\ar\CActiveRecord.php(413): CActiveRecordMetaData->__construct(Object(Guru))
#1 D:\APP DEVELOPMENT\Tutorial\Yii 2 Framework\Extension\yii-1.1.22\framework\db\ar\CActiveRecord.php(663): CActiveRecord->getMetaData()
#2 D:\APP DEVELOPMENT\Tutorial\Yii 2 Framework\Extension\yii-1.1.22\framework\db\ar\CActiveRecord.php(1358): CActiveRecord->getTableSchema()
#3 D:\APP DEVELOPMENT\Tutorial\Yii 2 Framework\Extension\yii-1.1.22\framework\db\ar\CActiveRecord.php(1478): CActiveRecord->query(Object(CDbCriteria), true)
#4 C:\xampp\htdocs\siska-yii\protected\controllers\GuruController.php(12): CActiveRecord->findAll()
#5 D:\APP DEVELOPMENT\Tutorial\Yii 2 Framework\Extension\yii-1.1.22\framework\web\actions\CInlineAction.php(49): GuruController->actionIndex()
#6 D:\APP DEVELOPMENT\Tutorial\Yii 2 Framework\Extension\yii-1.1.22\framework\web\CController.php(308): CInlineAction->runWithParams(Array)
#7 D:\APP DEVELOPMENT\Tutorial\Yii 2 Framework\Extension\yii-1.1.22\framework\web\CController.php(286): CController->runAction(Object(CInlineAction))
#8 D:\APP DEVELOPMENT\Tutorial\Yii 2 Framework\Extension\yii-1.1.22\framework\web\CController.php(265): CController->runActionWithFilters(Object(CInlineAction), Array)
#9 D:\APP DEVELOPMENT\Tutorial\Yii 2 Framework\Extension\yii-1.1.22\framework\web\CWebApplication.php(282): CController->run('index')
#10 D:\APP DEVELOPMENT\Tutorial\Yii 2 Framework\Extension\yii-1.1.22\framework\web\CWebApplication.php(141): CWebApplication->runController('guru/index')
#11 D:\APP DEVELOPMENT\Tutorial\Yii 2 Framework\Extension\yii-1.1.22\framework\base\CApplication.php(185): CWebApplication->processRequest()
#12 C:\xampp\htdocs\siska-yii\index.php(13): CApplication->run()
#13 {main}
REQUEST_URI=/siska-yii/index.php?r=guru/index
---
2020/06/01 08:46:48 [error] [exception.CDbException] CDbException: The table "Guru" for active record class "Guru" cannot be found in the database. in D:\APP DEVELOPMENT\Tutorial\Yii 2 Framework\Extension\yii-1.1.22\framework\db\ar\CActiveRecord.php:2390
Stack trace:
#0 D:\APP DEVELOPMENT\Tutorial\Yii 2 Framework\Extension\yii-1.1.22\framework\db\ar\CActiveRecord.php(413): CActiveRecordMetaData->__construct(Object(Guru))
#1 D:\APP DEVELOPMENT\Tutorial\Yii 2 Framework\Extension\yii-1.1.22\framework\db\ar\CActiveRecord.php(663): CActiveRecord->getMetaData()
#2 D:\APP DEVELOPMENT\Tutorial\Yii 2 Framework\Extension\yii-1.1.22\framework\db\ar\CActiveRecord.php(1358): CActiveRecord->getTableSchema()
#3 D:\APP DEVELOPMENT\Tutorial\Yii 2 Framework\Extension\yii-1.1.22\framework\db\ar\CActiveRecord.php(1478): CActiveRecord->query(Object(CDbCriteria), true)
#4 C:\xampp\htdocs\siska-yii\protected\controllers\GuruController.php(12): CActiveRecord->findAll()
#5 D:\APP DEVELOPMENT\Tutorial\Yii 2 Framework\Extension\yii-1.1.22\framework\web\actions\CInlineAction.php(49): GuruController->actionIndex()
#6 D:\APP DEVELOPMENT\Tutorial\Yii 2 Framework\Extension\yii-1.1.22\framework\web\CController.php(308): CInlineAction->runWithParams(Array)
#7 D:\APP DEVELOPMENT\Tutorial\Yii 2 Framework\Extension\yii-1.1.22\framework\web\CController.php(286): CController->runAction(Object(CInlineAction))
#8 D:\APP DEVELOPMENT\Tutorial\Yii 2 Framework\Extension\yii-1.1.22\framework\web\CController.php(265): CController->runActionWithFilters(Object(CInlineAction), Array)
#9 D:\APP DEVELOPMENT\Tutorial\Yii 2 Framework\Extension\yii-1.1.22\framework\web\CWebApplication.php(282): CController->run('index')
#10 D:\APP DEVELOPMENT\Tutorial\Yii 2 Framework\Extension\yii-1.1.22\framework\web\CWebApplication.php(141): CWebApplication->runController('guru/index')
#11 D:\APP DEVELOPMENT\Tutorial\Yii 2 Framework\Extension\yii-1.1.22\framework\base\CApplication.php(185): CWebApplication->processRequest()
#12 C:\xampp\htdocs\siska-yii\index.php(13): CApplication->run()
#13 {main}
REQUEST_URI=/siska-yii/index.php?r=guru/index
---
2020/06/01 08:49:22 [error] [exception.CDbException] CDbException: The table "Guru" for active record class "Guru" cannot be found in the database. in D:\APP DEVELOPMENT\Tutorial\Yii 2 Framework\Extension\yii-1.1.22\framework\db\ar\CActiveRecord.php:2390
Stack trace:
#0 D:\APP DEVELOPMENT\Tutorial\Yii 2 Framework\Extension\yii-1.1.22\framework\db\ar\CActiveRecord.php(413): CActiveRecordMetaData->__construct(Object(Guru))
#1 D:\APP DEVELOPMENT\Tutorial\Yii 2 Framework\Extension\yii-1.1.22\framework\db\ar\CActiveRecord.php(663): CActiveRecord->getMetaData()
#2 D:\APP DEVELOPMENT\Tutorial\Yii 2 Framework\Extension\yii-1.1.22\framework\db\ar\CActiveRecord.php(1358): CActiveRecord->getTableSchema()
#3 D:\APP DEVELOPMENT\Tutorial\Yii 2 Framework\Extension\yii-1.1.22\framework\db\ar\CActiveRecord.php(1478): CActiveRecord->query(Object(CDbCriteria), true)
#4 C:\xampp\htdocs\siska-yii\protected\controllers\GuruController.php(12): CActiveRecord->findAll()
#5 D:\APP DEVELOPMENT\Tutorial\Yii 2 Framework\Extension\yii-1.1.22\framework\web\actions\CInlineAction.php(49): GuruController->actionIndex()
#6 D:\APP DEVELOPMENT\Tutorial\Yii 2 Framework\Extension\yii-1.1.22\framework\web\CController.php(308): CInlineAction->runWithParams(Array)
#7 D:\APP DEVELOPMENT\Tutorial\Yii 2 Framework\Extension\yii-1.1.22\framework\web\CController.php(286): CController->runAction(Object(CInlineAction))
#8 D:\APP DEVELOPMENT\Tutorial\Yii 2 Framework\Extension\yii-1.1.22\framework\web\CController.php(265): CController->runActionWithFilters(Object(CInlineAction), Array)
#9 D:\APP DEVELOPMENT\Tutorial\Yii 2 Framework\Extension\yii-1.1.22\framework\web\CWebApplication.php(282): CController->run('index')
#10 D:\APP DEVELOPMENT\Tutorial\Yii 2 Framework\Extension\yii-1.1.22\framework\web\CWebApplication.php(141): CWebApplication->runController('guru/index')
#11 D:\APP DEVELOPMENT\Tutorial\Yii 2 Framework\Extension\yii-1.1.22\framework\base\CApplication.php(185): CWebApplication->processRequest()
#12 C:\xampp\htdocs\siska-yii\index.php(13): CApplication->run()
#13 {main}
REQUEST_URI=/siska-yii/index.php?r=guru/index
---
2020/06/01 08:49:30 [error] [exception.CDbException] CDbException: The table "Guru" for active record class "Guru" cannot be found in the database. in D:\APP DEVELOPMENT\Tutorial\Yii 2 Framework\Extension\yii-1.1.22\framework\db\ar\CActiveRecord.php:2390
Stack trace:
#0 D:\APP DEVELOPMENT\Tutorial\Yii 2 Framework\Extension\yii-1.1.22\framework\db\ar\CActiveRecord.php(413): CActiveRecordMetaData->__construct(Object(Guru))
#1 D:\APP DEVELOPMENT\Tutorial\Yii 2 Framework\Extension\yii-1.1.22\framework\db\ar\CActiveRecord.php(79): CActiveRecord->getMetaData()
#2 C:\xampp\htdocs\siska-yii\protected\controllers\GuruController.php(20): CActiveRecord->__construct()
#3 D:\APP DEVELOPMENT\Tutorial\Yii 2 Framework\Extension\yii-1.1.22\framework\web\actions\CInlineAction.php(49): GuruController->actionTambah()
#4 D:\APP DEVELOPMENT\Tutorial\Yii 2 Framework\Extension\yii-1.1.22\framework\web\CController.php(308): CInlineAction->runWithParams(Array)
#5 D:\APP DEVELOPMENT\Tutorial\Yii 2 Framework\Extension\yii-1.1.22\framework\web\CController.php(286): CController->runAction(Object(CInlineAction))
#6 D:\APP DEVELOPMENT\Tutorial\Yii 2 Framework\Extension\yii-1.1.22\framework\web\CController.php(265): CController->runActionWithFilters(Object(CInlineAction), Array)
#7 D:\APP DEVELOPMENT\Tutorial\Yii 2 Framework\Extension\yii-1.1.22\framework\web\CWebApplication.php(282): CController->run('tambah')
#8 D:\APP DEVELOPMENT\Tutorial\Yii 2 Framework\Extension\yii-1.1.22\framework\web\CWebApplication.php(141): CWebApplication->runController('guru/tambah')
#9 D:\APP DEVELOPMENT\Tutorial\Yii 2 Framework\Extension\yii-1.1.22\framework\base\CApplication.php(185): CWebApplication->processRequest()
#10 C:\xampp\htdocs\siska-yii\index.php(13): CApplication->run()
#11 {main}
REQUEST_URI=/siska-yii/index.php?r=guru/tambah
---
2020/06/01 08:57:20 [error] [exception.CDbException] CDbException: The table "Guru" for active record class "Guru" cannot be found in the database. in D:\APP DEVELOPMENT\Tutorial\Yii 2 Framework\Extension\yii-1.1.22\framework\db\ar\CActiveRecord.php:2390
Stack trace:
#0 D:\APP DEVELOPMENT\Tutorial\Yii 2 Framework\Extension\yii-1.1.22\framework\db\ar\CActiveRecord.php(413): CActiveRecordMetaData->__construct(Object(Guru))
#1 D:\APP DEVELOPMENT\Tutorial\Yii 2 Framework\Extension\yii-1.1.22\framework\db\ar\CActiveRecord.php(663): CActiveRecord->getMetaData()
#2 D:\APP DEVELOPMENT\Tutorial\Yii 2 Framework\Extension\yii-1.1.22\framework\db\ar\CActiveRecord.php(1358): CActiveRecord->getTableSchema()
#3 D:\APP DEVELOPMENT\Tutorial\Yii 2 Framework\Extension\yii-1.1.22\framework\db\ar\CActiveRecord.php(1478): CActiveRecord->query(Object(CDbCriteria), true)
#4 C:\xampp\htdocs\siska-yii\protected\controllers\GuruController.php(12): CActiveRecord->findAll()
#5 D:\APP DEVELOPMENT\Tutorial\Yii 2 Framework\Extension\yii-1.1.22\framework\web\actions\CInlineAction.php(49): GuruController->actionIndex()
#6 D:\APP DEVELOPMENT\Tutorial\Yii 2 Framework\Extension\yii-1.1.22\framework\web\CController.php(308): CInlineAction->runWithParams(Array)
#7 D:\APP DEVELOPMENT\Tutorial\Yii 2 Framework\Extension\yii-1.1.22\framework\web\CController.php(286): CController->runAction(Object(CInlineAction))
#8 D:\APP DEVELOPMENT\Tutorial\Yii 2 Framework\Extension\yii-1.1.22\framework\web\CController.php(265): CController->runActionWithFilters(Object(CInlineAction), Array)
#9 D:\APP DEVELOPMENT\Tutorial\Yii 2 Framework\Extension\yii-1.1.22\framework\web\CWebApplication.php(282): CController->run('')
#10 D:\APP DEVELOPMENT\Tutorial\Yii 2 Framework\Extension\yii-1.1.22\framework\web\CWebApplication.php(141): CWebApplication->runController('guru')
#11 D:\APP DEVELOPMENT\Tutorial\Yii 2 Framework\Extension\yii-1.1.22\framework\base\CApplication.php(185): CWebApplication->processRequest()
#12 C:\xampp\htdocs\siska-yii\index.php(13): CApplication->run()
#13 {main}
REQUEST_URI=/siska-yii/index.php?r=guru
---
2020/06/01 08:58:42 [error] [exception.CDbException] CDbException: The table "Guru" for active record class "Guru" cannot be found in the database. in D:\APP DEVELOPMENT\Tutorial\Yii 2 Framework\Extension\yii-1.1.22\framework\db\ar\CActiveRecord.php:2390
Stack trace:
#0 D:\APP DEVELOPMENT\Tutorial\Yii 2 Framework\Extension\yii-1.1.22\framework\db\ar\CActiveRecord.php(413): CActiveRecordMetaData->__construct(Object(Guru))
#1 D:\APP DEVELOPMENT\Tutorial\Yii 2 Framework\Extension\yii-1.1.22\framework\db\ar\CActiveRecord.php(663): CActiveRecord->getMetaData()
#2 D:\APP DEVELOPMENT\Tutorial\Yii 2 Framework\Extension\yii-1.1.22\framework\db\ar\CActiveRecord.php(1358): CActiveRecord->getTableSchema()
#3 D:\APP DEVELOPMENT\Tutorial\Yii 2 Framework\Extension\yii-1.1.22\framework\db\ar\CActiveRecord.php(1478): CActiveRecord->query(Object(CDbCriteria), true)
#4 C:\xampp\htdocs\siska-yii\protected\controllers\GuruController.php(12): CActiveRecord->findAll()
#5 D:\APP DEVELOPMENT\Tutorial\Yii 2 Framework\Extension\yii-1.1.22\framework\web\actions\CInlineAction.php(49): GuruController->actionIndex()
#6 D:\APP DEVELOPMENT\Tutorial\Yii 2 Framework\Extension\yii-1.1.22\framework\web\CController.php(308): CInlineAction->runWithParams(Array)
#7 D:\APP DEVELOPMENT\Tutorial\Yii 2 Framework\Extension\yii-1.1.22\framework\web\CController.php(286): CController->runAction(Object(CInlineAction))
#8 D:\APP DEVELOPMENT\Tutorial\Yii 2 Framework\Extension\yii-1.1.22\framework\web\CController.php(265): CController->runActionWithFilters(Object(CInlineAction), Array)
#9 D:\APP DEVELOPMENT\Tutorial\Yii 2 Framework\Extension\yii-1.1.22\framework\web\CWebApplication.php(282): CController->run('')
#10 D:\APP DEVELOPMENT\Tutorial\Yii 2 Framework\Extension\yii-1.1.22\framework\web\CWebApplication.php(141): CWebApplication->runController('guru')
#11 D:\APP DEVELOPMENT\Tutorial\Yii 2 Framework\Extension\yii-1.1.22\framework\base\CApplication.php(185): CWebApplication->processRequest()
#12 C:\xampp\htdocs\siska-yii\index.php(13): CApplication->run()
#13 {main}
REQUEST_URI=/siska-yii/index.php?r=guru
---
2020/06/01 08:59:04 [error] [exception.CDbException] CDbException: The table "Guru" for active record class "Guru" cannot be found in the database. in D:\APP DEVELOPMENT\Tutorial\Yii 2 Framework\Extension\yii-1.1.22\framework\db\ar\CActiveRecord.php:2390
Stack trace:
#0 D:\APP DEVELOPMENT\Tutorial\Yii 2 Framework\Extension\yii-1.1.22\framework\db\ar\CActiveRecord.php(413): CActiveRecordMetaData->__construct(Object(Guru))
#1 D:\APP DEVELOPMENT\Tutorial\Yii 2 Framework\Extension\yii-1.1.22\framework\db\ar\CActiveRecord.php(663): CActiveRecord->getMetaData()
#2 D:\APP DEVELOPMENT\Tutorial\Yii 2 Framework\Extension\yii-1.1.22\framework\db\ar\CActiveRecord.php(1358): CActiveRecord->getTableSchema()
#3 D:\APP DEVELOPMENT\Tutorial\Yii 2 Framework\Extension\yii-1.1.22\framework\db\ar\CActiveRecord.php(1478): CActiveRecord->query(Object(CDbCriteria), true)
#4 C:\xampp\htdocs\siska-yii\protected\controllers\GuruController.php(12): CActiveRecord->findAll()
#5 D:\APP DEVELOPMENT\Tutorial\Yii 2 Framework\Extension\yii-1.1.22\framework\web\actions\CInlineAction.php(49): GuruController->actionIndex()
#6 D:\APP DEVELOPMENT\Tutorial\Yii 2 Framework\Extension\yii-1.1.22\framework\web\CController.php(308): CInlineAction->runWithParams(Array)
#7 D:\APP DEVELOPMENT\Tutorial\Yii 2 Framework\Extension\yii-1.1.22\framework\web\CController.php(286): CController->runAction(Object(CInlineAction))
#8 D:\APP DEVELOPMENT\Tutorial\Yii 2 Framework\Extension\yii-1.1.22\framework\web\CController.php(265): CController->runActionWithFilters(Object(CInlineAction), Array)
#9 D:\APP DEVELOPMENT\Tutorial\Yii 2 Framework\Extension\yii-1.1.22\framework\web\CWebApplication.php(282): CController->run('')
#10 D:\APP DEVELOPMENT\Tutorial\Yii 2 Framework\Extension\yii-1.1.22\framework\web\CWebApplication.php(141): CWebApplication->runController('guru')
#11 D:\APP DEVELOPMENT\Tutorial\Yii 2 Framework\Extension\yii-1.1.22\framework\base\CApplication.php(185): CWebApplication->processRequest()
#12 C:\xampp\htdocs\siska-yii\index.php(13): CApplication->run()
#13 {main}
REQUEST_URI=/siska-yii/index.php?r=guru
---
2020/06/01 09:03:02 [error] [exception.CDbException] CDbException: The table "Guru" for active record class "Guru" cannot be found in the database. in D:\APP DEVELOPMENT\Tutorial\Yii 2 Framework\Extension\yii-1.1.22\framework\db\ar\CActiveRecord.php:2390
Stack trace:
#0 D:\APP DEVELOPMENT\Tutorial\Yii 2 Framework\Extension\yii-1.1.22\framework\db\ar\CActiveRecord.php(413): CActiveRecordMetaData->__construct(Object(Guru))
#1 D:\APP DEVELOPMENT\Tutorial\Yii 2 Framework\Extension\yii-1.1.22\framework\db\ar\CActiveRecord.php(663): CActiveRecord->getMetaData()
#2 D:\APP DEVELOPMENT\Tutorial\Yii 2 Framework\Extension\yii-1.1.22\framework\db\ar\CActiveRecord.php(1358): CActiveRecord->getTableSchema()
#3 D:\APP DEVELOPMENT\Tutorial\Yii 2 Framework\Extension\yii-1.1.22\framework\db\ar\CActiveRecord.php(1478): CActiveRecord->query(Object(CDbCriteria), true)
#4 C:\xampp\htdocs\siska-yii\protected\controllers\GuruController.php(12): CActiveRecord->findAll()
#5 D:\APP DEVELOPMENT\Tutorial\Yii 2 Framework\Extension\yii-1.1.22\framework\web\actions\CInlineAction.php(49): GuruController->actionIndex()
#6 D:\APP DEVELOPMENT\Tutorial\Yii 2 Framework\Extension\yii-1.1.22\framework\web\CController.php(308): CInlineAction->runWithParams(Array)
#7 D:\APP DEVELOPMENT\Tutorial\Yii 2 Framework\Extension\yii-1.1.22\framework\web\CController.php(286): CController->runAction(Object(CInlineAction))
#8 D:\APP DEVELOPMENT\Tutorial\Yii 2 Framework\Extension\yii-1.1.22\framework\web\CController.php(265): CController->runActionWithFilters(Object(CInlineAction), Array)
#9 D:\APP DEVELOPMENT\Tutorial\Yii 2 Framework\Extension\yii-1.1.22\framework\web\CWebApplication.php(282): CController->run('')
#10 D:\APP DEVELOPMENT\Tutorial\Yii 2 Framework\Extension\yii-1.1.22\framework\web\CWebApplication.php(141): CWebApplication->runController('guru')
#11 D:\APP DEVELOPMENT\Tutorial\Yii 2 Framework\Extension\yii-1.1.22\framework\base\CApplication.php(185): CWebApplication->processRequest()
#12 C:\xampp\htdocs\siska-yii\index.php(13): CApplication->run()
#13 {main}
REQUEST_URI=/siska-yii/index.php?r=guru
---
2020/06/01 09:03:50 [error] [exception.CDbException] CDbException: The table "Guru" for active record class "Guru" cannot be found in the database. in D:\APP DEVELOPMENT\Tutorial\Yii 2 Framework\Extension\yii-1.1.22\framework\db\ar\CActiveRecord.php:2390
Stack trace:
#0 D:\APP DEVELOPMENT\Tutorial\Yii 2 Framework\Extension\yii-1.1.22\framework\db\ar\CActiveRecord.php(413): CActiveRecordMetaData->__construct(Object(Guru))
#1 D:\APP DEVELOPMENT\Tutorial\Yii 2 Framework\Extension\yii-1.1.22\framework\db\ar\CActiveRecord.php(663): CActiveRecord->getMetaData()
#2 D:\APP DEVELOPMENT\Tutorial\Yii 2 Framework\Extension\yii-1.1.22\framework\db\ar\CActiveRecord.php(1358): CActiveRecord->getTableSchema()
#3 D:\APP DEVELOPMENT\Tutorial\Yii 2 Framework\Extension\yii-1.1.22\framework\db\ar\CActiveRecord.php(1478): CActiveRecord->query(Object(CDbCriteria), true)
#4 C:\xampp\htdocs\siska-yii\protected\controllers\GuruController.php(12): CActiveRecord->findAll()
#5 D:\APP DEVELOPMENT\Tutorial\Yii 2 Framework\Extension\yii-1.1.22\framework\web\actions\CInlineAction.php(49): GuruController->actionIndex()
#6 D:\APP DEVELOPMENT\Tutorial\Yii 2 Framework\Extension\yii-1.1.22\framework\web\CController.php(308): CInlineAction->runWithParams(Array)
#7 D:\APP DEVELOPMENT\Tutorial\Yii 2 Framework\Extension\yii-1.1.22\framework\web\CController.php(286): CController->runAction(Object(CInlineAction))
#8 D:\APP DEVELOPMENT\Tutorial\Yii 2 Framework\Extension\yii-1.1.22\framework\web\CController.php(265): CController->runActionWithFilters(Object(CInlineAction), Array)
#9 D:\APP DEVELOPMENT\Tutorial\Yii 2 Framework\Extension\yii-1.1.22\framework\web\CWebApplication.php(282): CController->run('')
#10 D:\APP DEVELOPMENT\Tutorial\Yii 2 Framework\Extension\yii-1.1.22\framework\web\CWebApplication.php(141): CWebApplication->runController('guru')
#11 D:\APP DEVELOPMENT\Tutorial\Yii 2 Framework\Extension\yii-1.1.22\framework\base\CApplication.php(185): CWebApplication->processRequest()
#12 C:\xampp\htdocs\siska-yii\index.php(13): CApplication->run()
#13 {main}
REQUEST_URI=/siska-yii/index.php?r=guru
---
2020/06/01 09:06:27 [error] [php] Illegal string offset 'name' (D:\APP DEVELOPMENT\Tutorial\Yii 2 Framework\Extension\yii-1.1.22\framework\web\helpers\CHtml.php:2689)
Stack trace:
#0 D:\APP DEVELOPMENT\Tutorial\Yii 2 Framework\Extension\yii-1.1.22\framework\web\CBaseController.php(126): require()
#1 D:\APP DEVELOPMENT\Tutorial\Yii 2 Framework\Extension\yii-1.1.22\framework\web\CBaseController.php(95): GuruController->renderInternal()
#2 D:\APP DEVELOPMENT\Tutorial\Yii 2 Framework\Extension\yii-1.1.22\framework\web\CController.php(872): GuruController->renderFile()
#3 D:\APP DEVELOPMENT\Tutorial\Yii 2 Framework\Extension\yii-1.1.22\framework\web\CController.php(785): GuruController->renderPartial()
#4 C:\xampp\htdocs\siska-yii\protected\controllers\GuruController.php(35): GuruController->render()
#5 D:\APP DEVELOPMENT\Tutorial\Yii 2 Framework\Extension\yii-1.1.22\framework\web\actions\CInlineAction.php(49): GuruController->actionTambah()
#6 D:\APP DEVELOPMENT\Tutorial\Yii 2 Framework\Extension\yii-1.1.22\framework\web\CController.php(308): CInlineAction->runWithParams()
#7 D:\APP DEVELOPMENT\Tutorial\Yii 2 Framework\Extension\yii-1.1.22\framework\web\CController.php(286): GuruController->runAction()
#8 D:\APP DEVELOPMENT\Tutorial\Yii 2 Framework\Extension\yii-1.1.22\framework\web\CController.php(265): GuruController->runActionWithFilters()
#9 D:\APP DEVELOPMENT\Tutorial\Yii 2 Framework\Extension\yii-1.1.22\framework\web\CWebApplication.php(282): GuruController->run()
#10 D:\APP DEVELOPMENT\Tutorial\Yii 2 Framework\Extension\yii-1.1.22\framework\web\CWebApplication.php(141): CWebApplication->runController()
#11 D:\APP DEVELOPMENT\Tutorial\Yii 2 Framework\Extension\yii-1.1.22\framework\base\CApplication.php(185): CWebApplication->processRequest()
#12 C:\xampp\htdocs\siska-yii\index.php(13): CWebApplication->run()
REQUEST_URI=/siska-yii/index.php?r=guru/tambah
in C:\xampp\htdocs\siska-yii\protected\views\guru\tambah.php (7)
in C:\xampp\htdocs\siska-yii\protected\controllers\GuruController.php (35)
in C:\xampp\htdocs\siska-yii\index.php (13)
2020/06/01 09:09:00 [error] [php] Illegal string offset 'name' (D:\APP DEVELOPMENT\Tutorial\Yii 2 Framework\Extension\yii-1.1.22\framework\web\helpers\CHtml.php:2689)
Stack trace:
#0 D:\APP DEVELOPMENT\Tutorial\Yii 2 Framework\Extension\yii-1.1.22\framework\web\CBaseController.php(126): require()
#1 D:\APP DEVELOPMENT\Tutorial\Yii 2 Framework\Extension\yii-1.1.22\framework\web\CBaseController.php(95): GuruController->renderInternal()
#2 D:\APP DEVELOPMENT\Tutorial\Yii 2 Framework\Extension\yii-1.1.22\framework\web\CController.php(872): GuruController->renderFile()
#3 D:\APP DEVELOPMENT\Tutorial\Yii 2 Framework\Extension\yii-1.1.22\framework\web\CController.php(785): GuruController->renderPartial()
#4 C:\xampp\htdocs\siska-yii\protected\controllers\GuruController.php(35): GuruController->render()
#5 D:\APP DEVELOPMENT\Tutorial\Yii 2 Framework\Extension\yii-1.1.22\framework\web\actions\CInlineAction.php(49): GuruController->actionTambah()
#6 D:\APP DEVELOPMENT\Tutorial\Yii 2 Framework\Extension\yii-1.1.22\framework\web\CController.php(308): CInlineAction->runWithParams()
#7 D:\APP DEVELOPMENT\Tutorial\Yii 2 Framework\Extension\yii-1.1.22\framework\web\CController.php(286): GuruController->runAction()
#8 D:\APP DEVELOPMENT\Tutorial\Yii 2 Framework\Extension\yii-1.1.22\framework\web\CController.php(265): GuruController->runActionWithFilters()
#9 D:\APP DEVELOPMENT\Tutorial\Yii 2 Framework\Extension\yii-1.1.22\framework\web\CWebApplication.php(282): GuruController->run()
#10 D:\APP DEVELOPMENT\Tutorial\Yii 2 Framework\Extension\yii-1.1.22\framework\web\CWebApplication.php(141): CWebApplication->runController()
#11 D:\APP DEVELOPMENT\Tutorial\Yii 2 Framework\Extension\yii-1.1.22\framework\base\CApplication.php(185): CWebApplication->processRequest()
#12 C:\xampp\htdocs\siska-yii\index.php(13): CWebApplication->run()
REQUEST_URI=/siska-yii/index.php?r=guru/tambah
in C:\xampp\htdocs\siska-yii\protected\views\guru\tambah.php (7)
in C:\xampp\htdocs\siska-yii\protected\controllers\GuruController.php (35)
in C:\xampp\htdocs\siska-yii\index.php (13)
2020/06/01 09:14:47 [error] [php] Illegal string offset 'name' (D:\APP DEVELOPMENT\Tutorial\Yii 2 Framework\Extension\yii-1.1.22\framework\web\helpers\CHtml.php:2689)
Stack trace:
#0 D:\APP DEVELOPMENT\Tutorial\Yii 2 Framework\Extension\yii-1.1.22\framework\web\CBaseController.php(126): require()
#1 D:\APP DEVELOPMENT\Tutorial\Yii 2 Framework\Extension\yii-1.1.22\framework\web\CBaseController.php(95): GuruController->renderInternal()
#2 D:\APP DEVELOPMENT\Tutorial\Yii 2 Framework\Extension\yii-1.1.22\framework\web\CController.php(872): GuruController->renderFile()
#3 D:\APP DEVELOPMENT\Tutorial\Yii 2 Framework\Extension\yii-1.1.22\framework\web\CController.php(785): GuruController->renderPartial()
#4 C:\xampp\htdocs\siska-yii\protected\controllers\GuruController.php(35): GuruController->render()
#5 D:\APP DEVELOPMENT\Tutorial\Yii 2 Framework\Extension\yii-1.1.22\framework\web\actions\CInlineAction.php(49): GuruController->actionTambah()
#6 D:\APP DEVELOPMENT\Tutorial\Yii 2 Framework\Extension\yii-1.1.22\framework\web\CController.php(308): CInlineAction->runWithParams()
#7 D:\APP DEVELOPMENT\Tutorial\Yii 2 Framework\Extension\yii-1.1.22\framework\web\CController.php(286): GuruController->runAction()
#8 D:\APP DEVELOPMENT\Tutorial\Yii 2 Framework\Extension\yii-1.1.22\framework\web\CController.php(265): GuruController->runActionWithFilters()
#9 D:\APP DEVELOPMENT\Tutorial\Yii 2 Framework\Extension\yii-1.1.22\framework\web\CWebApplication.php(282): GuruController->run()
#10 D:\APP DEVELOPMENT\Tutorial\Yii 2 Framework\Extension\yii-1.1.22\framework\web\CWebApplication.php(141): CWebApplication->runController()
#11 D:\APP DEVELOPMENT\Tutorial\Yii 2 Framework\Extension\yii-1.1.22\framework\base\CApplication.php(185): CWebApplication->processRequest()
#12 C:\xampp\htdocs\siska-yii\index.php(13): CWebApplication->run()
REQUEST_URI=/siska-yii/index.php?r=guru/tambah
in C:\xampp\htdocs\siska-yii\protected\views\guru\tambah.php (7)
in C:\xampp\htdocs\siska-yii\protected\controllers\GuruController.php (35)
in C:\xampp\htdocs\siska-yii\index.php (13)
2020/06/01 09:16:12 [error] [php] Illegal string offset 'name' (D:\APP DEVELOPMENT\Tutorial\Yii 2 Framework\Extension\yii-1.1.22\framework\web\helpers\CHtml.php:2689)
Stack trace:
#0 D:\APP DEVELOPMENT\Tutorial\Yii 2 Framework\Extension\yii-1.1.22\framework\web\CBaseController.php(126): require()
#1 D:\APP DEVELOPMENT\Tutorial\Yii 2 Framework\Extension\yii-1.1.22\framework\web\CBaseController.php(95): GuruController->renderInternal()
#2 D:\APP DEVELOPMENT\Tutorial\Yii 2 Framework\Extension\yii-1.1.22\framework\web\CController.php(872): GuruController->renderFile()
#3 D:\APP DEVELOPMENT\Tutorial\Yii 2 Framework\Extension\yii-1.1.22\framework\web\CController.php(785): GuruController->renderPartial()
#4 C:\xampp\htdocs\siska-yii\protected\controllers\GuruController.php(35): GuruController->render()
#5 D:\APP DEVELOPMENT\Tutorial\Yii 2 Framework\Extension\yii-1.1.22\framework\web\actions\CInlineAction.php(49): GuruController->actionTambah()
#6 D:\APP DEVELOPMENT\Tutorial\Yii 2 Framework\Extension\yii-1.1.22\framework\web\CController.php(308): CInlineAction->runWithParams()
#7 D:\APP DEVELOPMENT\Tutorial\Yii 2 Framework\Extension\yii-1.1.22\framework\web\CController.php(286): GuruController->runAction()
#8 D:\APP DEVELOPMENT\Tutorial\Yii 2 Framework\Extension\yii-1.1.22\framework\web\CController.php(265): GuruController->runActionWithFilters()
#9 D:\APP DEVELOPMENT\Tutorial\Yii 2 Framework\Extension\yii-1.1.22\framework\web\CWebApplication.php(282): GuruController->run()
#10 D:\APP DEVELOPMENT\Tutorial\Yii 2 Framework\Extension\yii-1.1.22\framework\web\CWebApplication.php(141): CWebApplication->runController()
#11 D:\APP DEVELOPMENT\Tutorial\Yii 2 Framework\Extension\yii-1.1.22\framework\base\CApplication.php(185): CWebApplication->processRequest()
#12 C:\xampp\htdocs\siska-yii\index.php(13): CWebApplication->run()
REQUEST_URI=/siska-yii/index.php?r=guru/tambah
in C:\xampp\htdocs\siska-yii\protected\views\guru\tambah.php (7)
in C:\xampp\htdocs\siska-yii\protected\controllers\GuruController.php (35)
in C:\xampp\htdocs\siska-yii\index.php (13)
2020/06/01 09:25:02 [error] [php] reset() expects parameter 1 to be array, int given (D:\APP DEVELOPMENT\Tutorial\Yii 2 Framework\Extension\yii-1.1.22\framework\gii\components\Pear\Text\Diff\Engine\native.php:196)
Stack trace:
#0 D:\APP DEVELOPMENT\Tutorial\Yii 2 Framework\Extension\yii-1.1.22\framework\gii\components\Pear\Text\Diff\Engine\native.php(88): Text_Diff_Engine_native->_compareseq()
#1 D:\APP DEVELOPMENT\Tutorial\Yii 2 Framework\Extension\yii-1.1.22\framework\gii\components\Pear\Text\Diff.php(56): Text_Diff_Engine_native->diff()
#2 D:\APP DEVELOPMENT\Tutorial\Yii 2 Framework\Extension\yii-1.1.22\framework\gii\components\TextDiff.php(18): Text_Diff->__construct()
#3 D:\APP DEVELOPMENT\Tutorial\Yii 2 Framework\Extension\yii-1.1.22\framework\gii\CCodeGenerator.php(109): compare()
#4 D:\APP DEVELOPMENT\Tutorial\Yii 2 Framework\Extension\yii-1.1.22\framework\web\actions\CInlineAction.php(49): ModelGenerator->actionDiff()
#5 D:\APP DEVELOPMENT\Tutorial\Yii 2 Framework\Extension\yii-1.1.22\framework\web\CController.php(308): CInlineAction->runWithParams()
#6 D:\APP DEVELOPMENT\Tutorial\Yii 2 Framework\Extension\yii-1.1.22\framework\web\CController.php(286): ModelGenerator->runAction()
#7 D:\APP DEVELOPMENT\Tutorial\Yii 2 Framework\Extension\yii-1.1.22\framework\web\CController.php(265): ModelGenerator->runActionWithFilters()
#8 D:\APP DEVELOPMENT\Tutorial\Yii 2 Framework\Extension\yii-1.1.22\framework\web\CWebApplication.php(282): ModelGenerator->run()
#9 D:\APP DEVELOPMENT\Tutorial\Yii 2 Framework\Extension\yii-1.1.22\framework\web\CWebApplication.php(141): CWebApplication->runController()
#10 D:\APP DEVELOPMENT\Tutorial\Yii 2 Framework\Extension\yii-1.1.22\framework\base\CApplication.php(185): CWebApplication->processRequest()
#11 C:\xampp\htdocs\siska-yii\index.php(13): CWebApplication->run()
REQUEST_URI=/siska-yii/index.php?r=gii/model/diff&id=0
in C:\xampp\htdocs\siska-yii\index.php (13)
2020/06/01 09:25:07 [error] [php] reset() expects parameter 1 to be array, int given (D:\APP DEVELOPMENT\Tutorial\Yii 2 Framework\Extension\yii-1.1.22\framework\gii\components\Pear\Text\Diff\Engine\native.php:196)
Stack trace:
#0 D:\APP DEVELOPMENT\Tutorial\Yii 2 Framework\Extension\yii-1.1.22\framework\gii\components\Pear\Text\Diff\Engine\native.php(88): Text_Diff_Engine_native->_compareseq()
#1 D:\APP DEVELOPMENT\Tutorial\Yii 2 Framework\Extension\yii-1.1.22\framework\gii\components\Pear\Text\Diff.php(56): Text_Diff_Engine_native->diff()
#2 D:\APP DEVELOPMENT\Tutorial\Yii 2 Framework\Extension\yii-1.1.22\framework\gii\components\TextDiff.php(18): Text_Diff->__construct()
#3 D:\APP DEVELOPMENT\Tutorial\Yii 2 Framework\Extension\yii-1.1.22\framework\gii\CCodeGenerator.php(109): compare()
#4 D:\APP DEVELOPMENT\Tutorial\Yii 2 Framework\Extension\yii-1.1.22\framework\web\actions\CInlineAction.php(49): ModelGenerator->actionDiff()
#5 D:\APP DEVELOPMENT\Tutorial\Yii 2 Framework\Extension\yii-1.1.22\framework\web\CController.php(308): CInlineAction->runWithParams()
#6 D:\APP DEVELOPMENT\Tutorial\Yii 2 Framework\Extension\yii-1.1.22\framework\web\CController.php(286): ModelGenerator->runAction()
#7 D:\APP DEVELOPMENT\Tutorial\Yii 2 Framework\Extension\yii-1.1.22\framework\web\CController.php(265): ModelGenerator->runActionWithFilters()
#8 D:\APP DEVELOPMENT\Tutorial\Yii 2 Framework\Extension\yii-1.1.22\framework\web\CWebApplication.php(282): ModelGenerator->run()
#9 D:\APP DEVELOPMENT\Tutorial\Yii 2 Framework\Extension\yii-1.1.22\framework\web\CWebApplication.php(141): CWebApplication->runController()
#10 D:\APP DEVELOPMENT\Tutorial\Yii 2 Framework\Extension\yii-1.1.22\framework\base\CApplication.php(185): CWebApplication->processRequest()
#11 C:\xampp\htdocs\siska-yii\index.php(13): CWebApplication->run()
REQUEST_URI=/siska-yii/index.php?r=gii/model/diff&id=0
in C:\xampp\htdocs\siska-yii\index.php (13)
2020/06/01 09:25:37 [error] [php] Illegal string offset 'name' (D:\APP DEVELOPMENT\Tutorial\Yii 2 Framework\Extension\yii-1.1.22\framework\web\helpers\CHtml.php:2689)
Stack trace:
#0 D:\APP DEVELOPMENT\Tutorial\Yii 2 Framework\Extension\yii-1.1.22\framework\web\CBaseController.php(126): require()
#1 D:\APP DEVELOPMENT\Tutorial\Yii 2 Framework\Extension\yii-1.1.22\framework\web\CBaseController.php(95): GuruController->renderInternal()
#2 D:\APP DEVELOPMENT\Tutorial\Yii 2 Framework\Extension\yii-1.1.22\framework\web\CController.php(872): GuruController->renderFile()
#3 D:\APP DEVELOPMENT\Tutorial\Yii 2 Framework\Extension\yii-1.1.22\framework\web\CController.php(785): GuruController->renderPartial()
#4 C:\xampp\htdocs\siska-yii\protected\controllers\GuruController.php(35): GuruController->render()
#5 D:\APP DEVELOPMENT\Tutorial\Yii 2 Framework\Extension\yii-1.1.22\framework\web\actions\CInlineAction.php(49): GuruController->actionTambah()
#6 D:\APP DEVELOPMENT\Tutorial\Yii 2 Framework\Extension\yii-1.1.22\framework\web\CController.php(308): CInlineAction->runWithParams()
#7 D:\APP DEVELOPMENT\Tutorial\Yii 2 Framework\Extension\yii-1.1.22\framework\web\CController.php(286): GuruController->runAction()
#8 D:\APP DEVELOPMENT\Tutorial\Yii 2 Framework\Extension\yii-1.1.22\framework\web\CController.php(265): GuruController->runActionWithFilters()
#9 D:\APP DEVELOPMENT\Tutorial\Yii 2 Framework\Extension\yii-1.1.22\framework\web\CWebApplication.php(282): GuruController->run()
#10 D:\APP DEVELOPMENT\Tutorial\Yii 2 Framework\Extension\yii-1.1.22\framework\web\CWebApplication.php(141): CWebApplication->runController()
#11 D:\APP DEVELOPMENT\Tutorial\Yii 2 Framework\Extension\yii-1.1.22\framework\base\CApplication.php(185): CWebApplication->processRequest()
#12 C:\xampp\htdocs\siska-yii\index.php(13): CWebApplication->run()
REQUEST_URI=/siska-yii/index.php?r=guru/tambah
in C:\xampp\htdocs\siska-yii\protected\views\guru\tambah.php (7)
in C:\xampp\htdocs\siska-yii\protected\controllers\GuruController.php (35)
in C:\xampp\htdocs\siska-yii\index.php (13)
2020/06/01 09:27:08 [error] [php] Illegal string offset 'name' (D:\APP DEVELOPMENT\Tutorial\Yii 2 Framework\Extension\yii-1.1.22\framework\web\helpers\CHtml.php:2689)
Stack trace:
#0 D:\APP DEVELOPMENT\Tutorial\Yii 2 Framework\Extension\yii-1.1.22\framework\web\CBaseController.php(126): require()
#1 D:\APP DEVELOPMENT\Tutorial\Yii 2 Framework\Extension\yii-1.1.22\framework\web\CBaseController.php(95): GuruController->renderInternal()
#2 D:\APP DEVELOPMENT\Tutorial\Yii 2 Framework\Extension\yii-1.1.22\framework\web\CController.php(872): GuruController->renderFile()
#3 D:\APP DEVELOPMENT\Tutorial\Yii 2 Framework\Extension\yii-1.1.22\framework\web\CController.php(785): GuruController->renderPartial()
#4 C:\xampp\htdocs\siska-yii\protected\controllers\GuruController.php(35): GuruController->render()
#5 D:\APP DEVELOPMENT\Tutorial\Yii 2 Framework\Extension\yii-1.1.22\framework\web\actions\CInlineAction.php(49): GuruController->actionTambah()
#6 D:\APP DEVELOPMENT\Tutorial\Yii 2 Framework\Extension\yii-1.1.22\framework\web\CController.php(308): CInlineAction->runWithParams()
#7 D:\APP DEVELOPMENT\Tutorial\Yii 2 Framework\Extension\yii-1.1.22\framework\web\CController.php(286): GuruController->runAction()
#8 D:\APP DEVELOPMENT\Tutorial\Yii 2 Framework\Extension\yii-1.1.22\framework\web\CController.php(265): GuruController->runActionWithFilters()
#9 D:\APP DEVELOPMENT\Tutorial\Yii 2 Framework\Extension\yii-1.1.22\framework\web\CWebApplication.php(282): GuruController->run()
#10 D:\APP DEVELOPMENT\Tutorial\Yii 2 Framework\Extension\yii-1.1.22\framework\web\CWebApplication.php(141): CWebApplication->runController()
#11 D:\APP DEVELOPMENT\Tutorial\Yii 2 Framework\Extension\yii-1.1.22\framework\base\CApplication.php(185): CWebApplication->processRequest()
#12 C:\xampp\htdocs\siska-yii\index.php(13): CWebApplication->run()
REQUEST_URI=/siska-yii/index.php?r=guru/tambah
in C:\xampp\htdocs\siska-yii\protected\views\guru\tambah.php (7)
in C:\xampp\htdocs\siska-yii\protected\controllers\GuruController.php (35)
in C:\xampp\htdocs\siska-yii\index.php (13)
2020/06/01 09:29:07 [error] [php] Array to string conversion (D:\APP DEVELOPMENT\Tutorial\Yii 2 Framework\Extension\yii-1.1.22\framework\web\helpers\CHtml.php:2410)
Stack trace:
#0 C:\xampp\htdocs\siska-yii\protected\views\guru\tambah.php(6): activeLabel()
#1 D:\APP DEVELOPMENT\Tutorial\Yii 2 Framework\Extension\yii-1.1.22\framework\web\CBaseController.php(126): require()
#2 D:\APP DEVELOPMENT\Tutorial\Yii 2 Framework\Extension\yii-1.1.22\framework\web\CBaseController.php(95): GuruController->renderInternal()
#3 D:\APP DEVELOPMENT\Tutorial\Yii 2 Framework\Extension\yii-1.1.22\framework\web\CController.php(872): GuruController->renderFile()
#4 D:\APP DEVELOPMENT\Tutorial\Yii 2 Framework\Extension\yii-1.1.22\framework\web\CController.php(785): GuruController->renderPartial()
#5 C:\xampp\htdocs\siska-yii\protected\controllers\GuruController.php(35): GuruController->render()
#6 D:\APP DEVELOPMENT\Tutorial\Yii 2 Framework\Extension\yii-1.1.22\framework\web\actions\CInlineAction.php(49): GuruController->actionTambah()
#7 D:\APP DEVELOPMENT\Tutorial\Yii 2 Framework\Extension\yii-1.1.22\framework\web\CController.php(308): CInlineAction->runWithParams()
#8 D:\APP DEVELOPMENT\Tutorial\Yii 2 Framework\Extension\yii-1.1.22\framework\web\CController.php(286): GuruController->runAction()
#9 D:\APP DEVELOPMENT\Tutorial\Yii 2 Framework\Extension\yii-1.1.22\framework\web\CController.php(265): GuruController->runActionWithFilters()
#10 D:\APP DEVELOPMENT\Tutorial\Yii 2 Framework\Extension\yii-1.1.22\framework\web\CWebApplication.php(282): GuruController->run()
#11 D:\APP DEVELOPMENT\Tutorial\Yii 2 Framework\Extension\yii-1.1.22\framework\web\CWebApplication.php(141): CWebApplication->runController()
#12 D:\APP DEVELOPMENT\Tutorial\Yii 2 Framework\Extension\yii-1.1.22\framework\base\CApplication.php(185): CWebApplication->processRequest()
#13 C:\xampp\htdocs\siska-yii\index.php(13): CWebApplication->run()
REQUEST_URI=/siska-yii/index.php?r=guru/tambah
in C:\xampp\htdocs\siska-yii\protected\views\guru\tambah.php (6)
in C:\xampp\htdocs\siska-yii\protected\controllers\GuruController.php (35)
in C:\xampp\htdocs\siska-yii\index.php (13)
2020/06/01 09:32:55 [error] [php] Illegal string offset 'name' (D:\APP DEVELOPMENT\Tutorial\Yii 2 Framework\Extension\yii-1.1.22\framework\web\helpers\CHtml.php:2689)
Stack trace:
#0 D:\APP DEVELOPMENT\Tutorial\Yii 2 Framework\Extension\yii-1.1.22\framework\web\CBaseController.php(126): require()
#1 D:\APP DEVELOPMENT\Tutorial\Yii 2 Framework\Extension\yii-1.1.22\framework\web\CBaseController.php(95): GuruController->renderInternal()
#2 D:\APP DEVELOPMENT\Tutorial\Yii 2 Framework\Extension\yii-1.1.22\framework\web\CController.php(872): GuruController->renderFile()
#3 D:\APP DEVELOPMENT\Tutorial\Yii 2 Framework\Extension\yii-1.1.22\framework\web\CController.php(785): GuruController->renderPartial()
#4 C:\xampp\htdocs\siska-yii\protected\controllers\GuruController.php(35): GuruController->render()
#5 D:\APP DEVELOPMENT\Tutorial\Yii 2 Framework\Extension\yii-1.1.22\framework\web\actions\CInlineAction.php(49): GuruController->actionTambah()
#6 D:\APP DEVELOPMENT\Tutorial\Yii 2 Framework\Extension\yii-1.1.22\framework\web\CController.php(308): CInlineAction->runWithParams()
#7 D:\APP DEVELOPMENT\Tutorial\Yii 2 Framework\Extension\yii-1.1.22\framework\web\CController.php(286): GuruController->runAction()
#8 D:\APP DEVELOPMENT\Tutorial\Yii 2 Framework\Extension\yii-1.1.22\framework\web\CController.php(265): GuruController->runActionWithFilters()
#9 D:\APP DEVELOPMENT\Tutorial\Yii 2 Framework\Extension\yii-1.1.22\framework\web\CWebApplication.php(282): GuruController->run()
#10 D:\APP DEVELOPMENT\Tutorial\Yii 2 Framework\Extension\yii-1.1.22\framework\web\CWebApplication.php(141): CWebApplication->runController()
#11 D:\APP DEVELOPMENT\Tutorial\Yii 2 Framework\Extension\yii-1.1.22\framework\base\CApplication.php(185): CWebApplication->processRequest()
#12 C:\xampp\htdocs\siska-yii\index.php(13): CWebApplication->run()
REQUEST_URI=/siska-yii/index.php?r=guru/tambah
in C:\xampp\htdocs\siska-yii\protected\views\guru\tambah.php (7)
in C:\xampp\htdocs\siska-yii\protected\controllers\GuruController.php (35)
in C:\xampp\htdocs\siska-yii\index.php (13)
2020/06/01 09:44:49 [error] [php] include(Guru.php): failed to open stream: No such file or directory (D:\APP DEVELOPMENT\Tutorial\Yii 2 Framework\Extension\yii-1.1.22\framework\YiiBase.php:463)
Stack trace:
#0 C:\xampp\htdocs\siska-yii\protected\controllers\GuruController.php(12): spl_autoload_call()
#1 D:\APP DEVELOPMENT\Tutorial\Yii 2 Framework\Extension\yii-1.1.22\framework\web\actions\CInlineAction.php(49): GuruController->actionIndex()
#2 D:\APP DEVELOPMENT\Tutorial\Yii 2 Framework\Extension\yii-1.1.22\framework\web\CController.php(308): CInlineAction->runWithParams()
#3 D:\APP DEVELOPMENT\Tutorial\Yii 2 Framework\Extension\yii-1.1.22\framework\web\CController.php(286): GuruController->runAction()
#4 D:\APP DEVELOPMENT\Tutorial\Yii 2 Framework\Extension\yii-1.1.22\framework\web\CController.php(265): GuruController->runActionWithFilters()
#5 D:\APP DEVELOPMENT\Tutorial\Yii 2 Framework\Extension\yii-1.1.22\framework\web\CWebApplication.php(282): GuruController->run()
#6 D:\APP DEVELOPMENT\Tutorial\Yii 2 Framework\Extension\yii-1.1.22\framework\web\CWebApplication.php(141): CWebApplication->runController()
#7 D:\APP DEVELOPMENT\Tutorial\Yii 2 Framework\Extension\yii-1.1.22\framework\base\CApplication.php(185): CWebApplication->processRequest()
#8 C:\xampp\htdocs\siska-yii\index.php(13): CWebApplication->run()
REQUEST_URI=/siska-yii/index.php?r=guru
in C:\xampp\htdocs\siska-yii\protected\controllers\GuruController.php (12)
in C:\xampp\htdocs\siska-yii\index.php (13)
2020/06/01 09:46:21 [error] [php] include(Guru.php): failed to open stream: No such file or directory (D:\APP DEVELOPMENT\Tutorial\Yii 2 Framework\Extension\yii-1.1.22\framework\YiiBase.php:463)
Stack trace:
#0 C:\xampp\htdocs\siska-yii\protected\controllers\GuruController.php(12): spl_autoload_call()
#1 D:\APP DEVELOPMENT\Tutorial\Yii 2 Framework\Extension\yii-1.1.22\framework\web\actions\CInlineAction.php(49): GuruController->actionIndex()
#2 D:\APP DEVELOPMENT\Tutorial\Yii 2 Framework\Extension\yii-1.1.22\framework\web\CController.php(308): CInlineAction->runWithParams()
#3 D:\APP DEVELOPMENT\Tutorial\Yii 2 Framework\Extension\yii-1.1.22\framework\web\CController.php(286): GuruController->runAction()
#4 D:\APP DEVELOPMENT\Tutorial\Yii 2 Framework\Extension\yii-1.1.22\framework\web\CController.php(265): GuruController->runActionWithFilters()
#5 D:\APP DEVELOPMENT\Tutorial\Yii 2 Framework\Extension\yii-1.1.22\framework\web\CWebApplication.php(282): GuruController->run()
#6 D:\APP DEVELOPMENT\Tutorial\Yii 2 Framework\Extension\yii-1.1.22\framework\web\CWebApplication.php(141): CWebApplication->runController()
#7 D:\APP DEVELOPMENT\Tutorial\Yii 2 Framework\Extension\yii-1.1.22\framework\base\CApplication.php(185): CWebApplication->processRequest()
#8 C:\xampp\htdocs\siska-yii\index.php(13): CWebApplication->run()
REQUEST_URI=/siska-yii/index.php?r=guru
in C:\xampp\htdocs\siska-yii\protected\controllers\GuruController.php (12)
in C:\xampp\htdocs\siska-yii\index.php (13)
2020/06/01 09:46:38 [error] [php] include(Guru.php): failed to open stream: No such file or directory (D:\APP DEVELOPMENT\Tutorial\Yii 2 Framework\Extension\yii-1.1.22\framework\YiiBase.php:463)
Stack trace:
#0 C:\xampp\htdocs\siska-yii\protected\controllers\GuruController.php(12): spl_autoload_call()
#1 D:\APP DEVELOPMENT\Tutorial\Yii 2 Framework\Extension\yii-1.1.22\framework\web\actions\CInlineAction.php(49): GuruController->actionIndex()
#2 D:\APP DEVELOPMENT\Tutorial\Yii 2 Framework\Extension\yii-1.1.22\framework\web\CController.php(308): CInlineAction->runWithParams()
#3 D:\APP DEVELOPMENT\Tutorial\Yii 2 Framework\Extension\yii-1.1.22\framework\web\CController.php(286): GuruController->runAction()
#4 D:\APP DEVELOPMENT\Tutorial\Yii 2 Framework\Extension\yii-1.1.22\framework\web\CController.php(265): GuruController->runActionWithFilters()
#5 D:\APP DEVELOPMENT\Tutorial\Yii 2 Framework\Extension\yii-1.1.22\framework\web\CWebApplication.php(282): GuruController->run()
#6 D:\APP DEVELOPMENT\Tutorial\Yii 2 Framework\Extension\yii-1.1.22\framework\web\CWebApplication.php(141): CWebApplication->runController()
#7 D:\APP DEVELOPMENT\Tutorial\Yii 2 Framework\Extension\yii-1.1.22\framework\base\CApplication.php(185): CWebApplication->processRequest()
#8 C:\xampp\htdocs\siska-yii\index.php(13): CWebApplication->run()
REQUEST_URI=/siska-yii/index.php?r=guru
in C:\xampp\htdocs\siska-yii\protected\controllers\GuruController.php (12)
in C:\xampp\htdocs\siska-yii\index.php (13)
2020/06/01 09:46:41 [error] [php] include(Guru.php): failed to open stream: No such file or directory (D:\APP DEVELOPMENT\Tutorial\Yii 2 Framework\Extension\yii-1.1.22\framework\YiiBase.php:463)
Stack trace:
#0 C:\xampp\htdocs\siska-yii\protected\controllers\GuruController.php(12): spl_autoload_call()
#1 D:\APP DEVELOPMENT\Tutorial\Yii 2 Framework\Extension\yii-1.1.22\framework\web\actions\CInlineAction.php(49): GuruController->actionIndex()
#2 D:\APP DEVELOPMENT\Tutorial\Yii 2 Framework\Extension\yii-1.1.22\framework\web\CController.php(308): CInlineAction->runWithParams()
#3 D:\APP DEVELOPMENT\Tutorial\Yii 2 Framework\Extension\yii-1.1.22\framework\web\CController.php(286): GuruController->runAction()
#4 D:\APP DEVELOPMENT\Tutorial\Yii 2 Framework\Extension\yii-1.1.22\framework\web\CController.php(265): GuruController->runActionWithFilters()
#5 D:\APP DEVELOPMENT\Tutorial\Yii 2 Framework\Extension\yii-1.1.22\framework\web\CWebApplication.php(282): GuruController->run()
#6 D:\APP DEVELOPMENT\Tutorial\Yii 2 Framework\Extension\yii-1.1.22\framework\web\CWebApplication.php(141): CWebApplication->runController()
#7 D:\APP DEVELOPMENT\Tutorial\Yii 2 Framework\Extension\yii-1.1.22\framework\base\CApplication.php(185): CWebApplication->processRequest()
#8 C:\xampp\htdocs\siska-yii\index.php(13): CWebApplication->run()
REQUEST_URI=/siska-yii/index.php?r=guru
in C:\xampp\htdocs\siska-yii\protected\controllers\GuruController.php (12)
in C:\xampp\htdocs\siska-yii\index.php (13)
2020/06/01 09:55:39 [error] [php] include(Guru.php): failed to open stream: No such file or directory (D:\APP DEVELOPMENT\Tutorial\Yii 2 Framework\Extension\yii-1.1.22\framework\YiiBase.php:463)
Stack trace:
#0 C:\xampp\htdocs\siska-yii\protected\controllers\GuruController.php(12): spl_autoload_call()
#1 D:\APP DEVELOPMENT\Tutorial\Yii 2 Framework\Extension\yii-1.1.22\framework\web\actions\CInlineAction.php(49): GuruController->actionIndex()
#2 D:\APP DEVELOPMENT\Tutorial\Yii 2 Framework\Extension\yii-1.1.22\framework\web\CController.php(308): CInlineAction->runWithParams()
#3 D:\APP DEVELOPMENT\Tutorial\Yii 2 Framework\Extension\yii-1.1.22\framework\web\CController.php(286): GuruController->runAction()
#4 D:\APP DEVELOPMENT\Tutorial\Yii 2 Framework\Extension\yii-1.1.22\framework\web\CController.php(265): GuruController->runActionWithFilters()
#5 D:\APP DEVELOPMENT\Tutorial\Yii 2 Framework\Extension\yii-1.1.22\framework\web\CWebApplication.php(282): GuruController->run()
#6 D:\APP DEVELOPMENT\Tutorial\Yii 2 Framework\Extension\yii-1.1.22\framework\web\CWebApplication.php(141): CWebApplication->runController()
#7 D:\APP DEVELOPMENT\Tutorial\Yii 2 Framework\Extension\yii-1.1.22\framework\base\CApplication.php(185): CWebApplication->processRequest()
#8 C:\xampp\htdocs\siska-yii\index.php(13): CWebApplication->run()
REQUEST_URI=/siska-yii/index.php?r=guru
in C:\xampp\htdocs\siska-yii\protected\controllers\GuruController.php (12)
in C:\xampp\htdocs\siska-yii\index.php (13)
2020/06/01 10:03:56 [error] [php] Illegal string offset 'name' (D:\APP DEVELOPMENT\Tutorial\Yii 2 Framework\Extension\yii-1.1.22\framework\web\helpers\CHtml.php:2689)
Stack trace:
#0 D:\APP DEVELOPMENT\Tutorial\Yii 2 Framework\Extension\yii-1.1.22\framework\web\CBaseController.php(126): require()
#1 D:\APP DEVELOPMENT\Tutorial\Yii 2 Framework\Extension\yii-1.1.22\framework\web\CBaseController.php(95): KaryawanController->renderInternal()
#2 D:\APP DEVELOPMENT\Tutorial\Yii 2 Framework\Extension\yii-1.1.22\framework\web\CController.php(872): KaryawanController->renderFile()
#3 D:\APP DEVELOPMENT\Tutorial\Yii 2 Framework\Extension\yii-1.1.22\framework\web\CController.php(785): KaryawanController->renderPartial()
#4 C:\xampp\htdocs\siska-yii\protected\controllers\KaryawanController.php(21): KaryawanController->render()
#5 D:\APP DEVELOPMENT\Tutorial\Yii 2 Framework\Extension\yii-1.1.22\framework\web\actions\CInlineAction.php(49): KaryawanController->actionTambah()
#6 D:\APP DEVELOPMENT\Tutorial\Yii 2 Framework\Extension\yii-1.1.22\framework\web\CController.php(308): CInlineAction->runWithParams()
#7 D:\APP DEVELOPMENT\Tutorial\Yii 2 Framework\Extension\yii-1.1.22\framework\web\CController.php(286): KaryawanController->runAction()
#8 D:\APP DEVELOPMENT\Tutorial\Yii 2 Framework\Extension\yii-1.1.22\framework\web\CController.php(265): KaryawanController->runActionWithFilters()
#9 D:\APP DEVELOPMENT\Tutorial\Yii 2 Framework\Extension\yii-1.1.22\framework\web\CWebApplication.php(282): KaryawanController->run()
#10 D:\APP DEVELOPMENT\Tutorial\Yii 2 Framework\Extension\yii-1.1.22\framework\web\CWebApplication.php(141): CWebApplication->runController()
#11 D:\APP DEVELOPMENT\Tutorial\Yii 2 Framework\Extension\yii-1.1.22\framework\base\CApplication.php(185): CWebApplication->processRequest()
#12 C:\xampp\htdocs\siska-yii\index.php(13): CWebApplication->run()
REQUEST_URI=/siska-yii/index.php?r=karyawan/tambah
in C:\xampp\htdocs\siska-yii\protected\views\karyawan\tambah.php (6)
in C:\xampp\htdocs\siska-yii\protected\controllers\KaryawanController.php (21)
in C:\xampp\htdocs\siska-yii\index.php (13)
2020/06/01 10:05:24 [error] [php] Illegal string offset 'name' (D:\APP DEVELOPMENT\Tutorial\Yii 2 Framework\Extension\yii-1.1.22\framework\web\helpers\CHtml.php:2689)
Stack trace:
#0 D:\APP DEVELOPMENT\Tutorial\Yii 2 Framework\Extension\yii-1.1.22\framework\web\CBaseController.php(126): require()
#1 D:\APP DEVELOPMENT\Tutorial\Yii 2 Framework\Extension\yii-1.1.22\framework\web\CBaseController.php(95): KaryawanController->renderInternal()
#2 D:\APP DEVELOPMENT\Tutorial\Yii 2 Framework\Extension\yii-1.1.22\framework\web\CController.php(872): KaryawanController->renderFile()
#3 D:\APP DEVELOPMENT\Tutorial\Yii 2 Framework\Extension\yii-1.1.22\framework\web\CController.php(785): KaryawanController->renderPartial()
#4 C:\xampp\htdocs\siska-yii\protected\controllers\KaryawanController.php(18): KaryawanController->render()
#5 D:\APP DEVELOPMENT\Tutorial\Yii 2 Framework\Extension\yii-1.1.22\framework\web\actions\CInlineAction.php(49): KaryawanController->actionTambah()
#6 D:\APP DEVELOPMENT\Tutorial\Yii 2 Framework\Extension\yii-1.1.22\framework\web\CController.php(308): CInlineAction->runWithParams()
#7 D:\APP DEVELOPMENT\Tutorial\Yii 2 Framework\Extension\yii-1.1.22\framework\web\CController.php(286): KaryawanController->runAction()
#8 D:\APP DEVELOPMENT\Tutorial\Yii 2 Framework\Extension\yii-1.1.22\framework\web\CController.php(265): KaryawanController->runActionWithFilters()
#9 D:\APP DEVELOPMENT\Tutorial\Yii 2 Framework\Extension\yii-1.1.22\framework\web\CWebApplication.php(282): KaryawanController->run()
#10 D:\APP DEVELOPMENT\Tutorial\Yii 2 Framework\Extension\yii-1.1.22\framework\web\CWebApplication.php(141): CWebApplication->runController()
#11 D:\APP DEVELOPMENT\Tutorial\Yii 2 Framework\Extension\yii-1.1.22\framework\base\CApplication.php(185): CWebApplication->processRequest()
#12 C:\xampp\htdocs\siska-yii\index.php(13): CWebApplication->run()
REQUEST_URI=/siska-yii/index.php?r=karyawan/tambah
in C:\xampp\htdocs\siska-yii\protected\views\karyawan\tambah.php (6)
in C:\xampp\htdocs\siska-yii\protected\controllers\KaryawanController.php (18)
in C:\xampp\htdocs\siska-yii\index.php (13)
2020/06/01 12:44:30 [error] [exception.CException] CException: Property "CWebApplication.guru" is not defined. in D:\APP DEVELOPMENT\Tutorial\Yii 2 Framework\Extension\yii-1.1.22\framework\base\CComponent.php:130
Stack trace:
#0 D:\APP DEVELOPMENT\Tutorial\Yii 2 Framework\Extension\yii-1.1.22\framework\base\CModule.php(105): CComponent->__get('guru')
#1 C:\xampp\htdocs\siska-yii\protected\views\layouts\main.php(92): CModule->__get('guru')
#2 D:\APP DEVELOPMENT\Tutorial\Yii 2 Framework\Extension\yii-1.1.22\framework\web\CBaseController.php(126): require('C:\\xampp\\htdocs...')
#3 D:\APP DEVELOPMENT\Tutorial\Yii 2 Framework\Extension\yii-1.1.22\framework\web\CBaseController.php(95): CBaseController->renderInternal('C:\\xampp\\htdocs...', Array, true)
#4 D:\APP DEVELOPMENT\Tutorial\Yii 2 Framework\Extension\yii-1.1.22\framework\web\widgets\CContentDecorator.php(76): CBaseController->renderFile('C:\\xampp\\htdocs...', Array, true)
#5 D:\APP DEVELOPMENT\Tutorial\Yii 2 Framework\Extension\yii-1.1.22\framework\web\widgets\CContentDecorator.php(54): CContentDecorator->decorate('<div class="spa...')
#6 D:\APP DEVELOPMENT\Tutorial\Yii 2 Framework\Extension\yii-1.1.22\framework\web\widgets\COutputProcessor.php(44): CContentDecorator->processOutput('<div class="spa...')
#7 D:\APP DEVELOPMENT\Tutorial\Yii 2 Framework\Extension\yii-1.1.22\framework\web\CBaseController.php(215): COutputProcessor->run()
#8 D:\APP DEVELOPMENT\Tutorial\Yii 2 Framework\Extension\yii-1.1.22\framework\web\CBaseController.php(309): CBaseController->endWidget('CContentDecorat...')
#9 C:\xampp\htdocs\siska-yii\protected\views\layouts\column2.php(22): CBaseController->endContent()
#10 D:\APP DEVELOPMENT\Tutorial\Yii 2 Framework\Extension\yii-1.1.22\framework\web\CBaseController.php(126): require('C:\\xampp\\htdocs...')
#11 D:\APP DEVELOPMENT\Tutorial\Yii 2 Framework\Extension\yii-1.1.22\framework\web\CBaseController.php(95): CBaseController->renderInternal('C:\\xampp\\htdocs...', Array, true)
#12 D:\APP DEVELOPMENT\Tutorial\Yii 2 Framework\Extension\yii-1.1.22\framework\web\CController.php(787): CBaseController->renderFile('C:\\xampp\\htdocs...', Array, true)
#13 C:\xampp\htdocs\siska-yii\protected\controllers\GuruController.php(127): CController->render('index', Array)
#14 D:\APP DEVELOPMENT\Tutorial\Yii 2 Framework\Extension\yii-1.1.22\framework\web\actions\CInlineAction.php(49): GuruController->actionIndex()
#15 D:\APP DEVELOPMENT\Tutorial\Yii 2 Framework\Extension\yii-1.1.22\framework\web\CController.php(308): CInlineAction->runWithParams(Array)
#16 D:\APP DEVELOPMENT\Tutorial\Yii 2 Framework\Extension\yii-1.1.22\framework\web\filters\CFilterChain.php(134): CController->runAction(Object(CInlineAction))
#17 D:\APP DEVELOPMENT\Tutorial\Yii 2 Framework\Extension\yii-1.1.22\framework\web\filters\CFilter.php(40): CFilterChain->run()
#18 D:\APP DEVELOPMENT\Tutorial\Yii 2 Framework\Extension\yii-1.1.22\framework\web\CController.php(1148): CFilter->filter(Object(CFilterChain))
#19 D:\APP DEVELOPMENT\Tutorial\Yii 2 Framework\Extension\yii-1.1.22\framework\web\filters\CInlineFilter.php(58): CController->filterAccessControl(Object(CFilterChain))
#20 D:\APP DEVELOPMENT\Tutorial\Yii 2 Framework\Extension\yii-1.1.22\framework\web\filters\CFilterChain.php(131): CInlineFilter->filter(Object(CFilterChain))
#21 D:\APP DEVELOPMENT\Tutorial\Yii 2 Framework\Extension\yii-1.1.22\framework\web\CController.php(291): CFilterChain->run()
#22 D:\APP DEVELOPMENT\Tutorial\Yii 2 Framework\Extension\yii-1.1.22\framework\web\CController.php(265): CController->runActionWithFilters(Object(CInlineAction), Array)
#23 D:\APP DEVELOPMENT\Tutorial\Yii 2 Framework\Extension\yii-1.1.22\framework\web\CWebApplication.php(282): CController->run('')
#24 D:\APP DEVELOPMENT\Tutorial\Yii 2 Framework\Extension\yii-1.1.22\framework\web\CWebApplication.php(141): CWebApplication->runController('guru')
#25 D:\APP DEVELOPMENT\Tutorial\Yii 2 Framework\Extension\yii-1.1.22\framework\base\CApplication.php(185): CWebApplication->processRequest()
#26 C:\xampp\htdocs\siska-yii\index.php(13): CApplication->run()
#27 {main}
REQUEST_URI=/siska-yii/index.php?r=guru
---
2020/06/01 13:45:32 [warning] [application] Failed to set unsafe attribute "file" of "CrudCode".
in C:\xampp\htdocs\siska-yii\index.php (13)
2020/06/01 13:45:34 [warning] [application] Failed to set unsafe attribute "file" of "CrudCode".
in C:\xampp\htdocs\siska-yii\index.php (13)
2020/06/01 13:46:40 [error] [system.db.CDbCommand] CDbCommand::fetchColumn() failed: SQLSTATE[42883]: Undefined function: 7 ERROR:  operator does not exist: date ~~ unknown
LINE 1: ...ECT COUNT(*) FROM "siswa" "t" WHERE tanggal_lahir LIKE '%htt...
                                                             ^
HINT:  No operator matches the given name and argument type(s). You might need to add explicit type casts.. The SQL statement executed was: SELECT COUNT(*) FROM "siswa" "t" WHERE tanggal_lahir LIKE :ycp0.
in C:\xampp\htdocs\siska-yii\protected\extensions\yiibooster\widgets\TbGridView.php (68)
in C:\xampp\htdocs\siska-yii\protected\views\siswa\index.php (155)
in C:\xampp\htdocs\siska-yii\protected\controllers\SiswaController.php (234)
2020/06/01 13:46:40 [error] [exception.CDbException] CDbException: CDbCommand failed to execute the SQL statement: SQLSTATE[42883]: Undefined function: 7 ERROR:  operator does not exist: date ~~ unknown
LINE 1: ...ECT COUNT(*) FROM "siswa" "t" WHERE tanggal_lahir LIKE '%htt...
                                                             ^
HINT:  No operator matches the given name and argument type(s). You might need to add explicit type casts.. The SQL statement executed was: SELECT COUNT(*) FROM "siswa" "t" WHERE tanggal_lahir LIKE :ycp0 in D:\APP DEVELOPMENT\Tutorial\Yii 2 Framework\Extension\yii-1.1.22\framework\db\CDbCommand.php:543
Stack trace:
#0 D:\APP DEVELOPMENT\Tutorial\Yii 2 Framework\Extension\yii-1.1.22\framework\db\CDbCommand.php(433): CDbCommand->queryInternal('fetchColumn', 0, Array)
#1 D:\APP DEVELOPMENT\Tutorial\Yii 2 Framework\Extension\yii-1.1.22\framework\db\ar\CActiveRecord.php(1609): CDbCommand->queryScalar()
#2 D:\APP DEVELOPMENT\Tutorial\Yii 2 Framework\Extension\yii-1.1.22\framework\web\CActiveDataProvider.php(228): CActiveRecord->count(Object(CDbCriteria))
#3 D:\APP DEVELOPMENT\Tutorial\Yii 2 Framework\Extension\yii-1.1.22\framework\web\CDataProvider.php(224): CActiveDataProvider->calculateTotalItemCount()
#4 D:\APP DEVELOPMENT\Tutorial\Yii 2 Framework\Extension\yii-1.1.22\framework\web\CActiveDataProvider.php(178): CDataProvider->getTotalItemCount()
#5 D:\APP DEVELOPMENT\Tutorial\Yii 2 Framework\Extension\yii-1.1.22\framework\web\CDataProvider.php(168): CActiveDataProvider->fetchData()
#6 D:\APP DEVELOPMENT\Tutorial\Yii 2 Framework\Extension\yii-1.1.22\framework\zii\widgets\CBaseListView.php(125): CDataProvider->getData()
#7 D:\APP DEVELOPMENT\Tutorial\Yii 2 Framework\Extension\yii-1.1.22\framework\zii\widgets\grid\CGridView.php(339): CBaseListView->init()
#8 C:\xampp\htdocs\siska-yii\protected\extensions\yiibooster\widgets\TbGridView.php(68): CGridView->init()
#9 D:\APP DEVELOPMENT\Tutorial\Yii 2 Framework\Extension\yii-1.1.22\framework\web\CBaseController.php(147): TbGridView->init()
#10 D:\APP DEVELOPMENT\Tutorial\Yii 2 Framework\Extension\yii-1.1.22\framework\web\CBaseController.php(181): CBaseController->createWidget('bootstrap.widge...', Array)
#11 C:\xampp\htdocs\siska-yii\protected\views\siswa\index.php(155): CBaseController->widget('bootstrap.widge...', Array)
#12 D:\APP DEVELOPMENT\Tutorial\Yii 2 Framework\Extension\yii-1.1.22\framework\web\CBaseController.php(126): require('C:\\xampp\\htdocs...')
#13 D:\APP DEVELOPMENT\Tutorial\Yii 2 Framework\Extension\yii-1.1.22\framework\web\CBaseController.php(95): CBaseController->renderInternal('C:\\xampp\\htdocs...', Array, true)
#14 D:\APP DEVELOPMENT\Tutorial\Yii 2 Framework\Extension\yii-1.1.22\framework\web\CController.php(872): CBaseController->renderFile('C:\\xampp\\htdocs...', Array, true)
#15 D:\APP DEVELOPMENT\Tutorial\Yii 2 Framework\Extension\yii-1.1.22\framework\web\CController.php(785): CController->renderPartial('index', Array, true)
#16 C:\xampp\htdocs\siska-yii\protected\controllers\SiswaController.php(234): CController->render('index', Array)
#17 D:\APP DEVELOPMENT\Tutorial\Yii 2 Framework\Extension\yii-1.1.22\framework\web\actions\CInlineAction.php(49): SiswaController->actionIndex()
#18 D:\APP DEVELOPMENT\Tutorial\Yii 2 Framework\Extension\yii-1.1.22\framework\web\CController.php(308): CInlineAction->runWithParams(Array)
#19 D:\APP DEVELOPMENT\Tutorial\Yii 2 Framework\Extension\yii-1.1.22\framework\web\filters\CFilterChain.php(134): CController->runAction(Object(CInlineAction))
#20 D:\APP DEVELOPMENT\Tutorial\Yii 2 Framework\Extension\yii-1.1.22\framework\web\filters\CFilter.php(40): CFilterChain->run()
#21 D:\APP DEVELOPMENT\Tutorial\Yii 2 Framework\Extension\yii-1.1.22\framework\web\CController.php(1148): CFilter->filter(Object(CFilterChain))
#22 D:\APP DEVELOPMENT\Tutorial\Yii 2 Framework\Extension\yii-1.1.22\framework\web\filters\CInlineFilter.php(58): CController->filterAccessControl(Object(CFilterChain))
#23 D:\APP DEVELOPMENT\Tutorial\Yii 2 Framework\Extension\yii-1.1.22\framework\web\filters\CFilterChain.php(131): CInlineFilter->filter(Object(CFilterChain))
#24 D:\APP DEVELOPMENT\Tutorial\Yii 2 Framework\Extension\yii-1.1.22\framework\web\CController.php(291): CFilterChain->run()
#25 D:\APP DEVELOPMENT\Tutorial\Yii 2 Framework\Extension\yii-1.1.22\framework\web\CController.php(265): CController->runActionWithFilters(Object(CInlineAction), Array)
#26 D:\APP DEVELOPMENT\Tutorial\Yii 2 Framework\Extension\yii-1.1.22\framework\web\CWebApplication.php(282): CController->run('')
#27 D:\APP DEVELOPMENT\Tutorial\Yii 2 Framework\Extension\yii-1.1.22\framework\web\CWebApplication.php(141): CWebApplication->runController('siswa')
#28 D:\APP DEVELOPMENT\Tutorial\Yii 2 Framework\Extension\yii-1.1.22\framework\base\CApplication.php(185): CWebApplication->processRequest()
#29 C:\xampp\htdocs\siska-yii\index.php(13): CApplication->run()
#30 {main}
REQUEST_URI=/siska-yii/index.php?Siswa%5Bid_pendaftaran%5D=&Siswa%5Bnis%5D=&Siswa%5Bnama_siswa%5D=&Siswa%5Bjenis_kelamin%5D=&Siswa%5Btempat_lahir%5D=&Siswa%5Btanggal_lahir%5D=http%3A%2F%2Flocalhost%2Fsiska-yii%2Findex.php%3Fr%3Dsiswa%2Findex%26Siswa_sort%3Dtanggal_lahir&Siswa_page=1&ajax=siswa-grid&r=siswa
HTTP_REFERER=http://localhost/siska-yii/index.php?r=siswa
---
2020/06/01 14:02:48 [error] [exception.CException] CException: Property "GuruController.menuCaption" is not defined. in D:\APP DEVELOPMENT\Tutorial\Yii 2 Framework\Extension\yii-1.1.22\framework\base\CComponent.php:130
Stack trace:
#0 C:\xampp\htdocs\siska-yii\protected\extensions\heart\views\layouts\column2.php(9): CComponent->__get('menuCaption')
#1 D:\APP DEVELOPMENT\Tutorial\Yii 2 Framework\Extension\yii-1.1.22\framework\web\CBaseController.php(126): require('C:\\xampp\\htdocs...')
#2 D:\APP DEVELOPMENT\Tutorial\Yii 2 Framework\Extension\yii-1.1.22\framework\web\CBaseController.php(95): CBaseController->renderInternal('C:\\xampp\\htdocs...', Array, true)
#3 D:\APP DEVELOPMENT\Tutorial\Yii 2 Framework\Extension\yii-1.1.22\framework\web\CController.php(787): CBaseController->renderFile('C:\\xampp\\htdocs...', Array, true)
#4 C:\xampp\htdocs\siska-yii\protected\controllers\GuruController.php(127): CController->render('index', Array)
#5 D:\APP DEVELOPMENT\Tutorial\Yii 2 Framework\Extension\yii-1.1.22\framework\web\actions\CInlineAction.php(49): GuruController->actionIndex()
#6 D:\APP DEVELOPMENT\Tutorial\Yii 2 Framework\Extension\yii-1.1.22\framework\web\CController.php(308): CInlineAction->runWithParams(Array)
#7 D:\APP DEVELOPMENT\Tutorial\Yii 2 Framework\Extension\yii-1.1.22\framework\web\filters\CFilterChain.php(134): CController->runAction(Object(CInlineAction))
#8 D:\APP DEVELOPMENT\Tutorial\Yii 2 Framework\Extension\yii-1.1.22\framework\web\filters\CFilter.php(40): CFilterChain->run()
#9 D:\APP DEVELOPMENT\Tutorial\Yii 2 Framework\Extension\yii-1.1.22\framework\web\CController.php(1148): CFilter->filter(Object(CFilterChain))
#10 D:\APP DEVELOPMENT\Tutorial\Yii 2 Framework\Extension\yii-1.1.22\framework\web\filters\CInlineFilter.php(58): CController->filterAccessControl(Object(CFilterChain))
#11 D:\APP DEVELOPMENT\Tutorial\Yii 2 Framework\Extension\yii-1.1.22\framework\web\filters\CFilterChain.php(131): CInlineFilter->filter(Object(CFilterChain))
#12 D:\APP DEVELOPMENT\Tutorial\Yii 2 Framework\Extension\yii-1.1.22\framework\web\CController.php(291): CFilterChain->run()
#13 D:\APP DEVELOPMENT\Tutorial\Yii 2 Framework\Extension\yii-1.1.22\framework\web\CController.php(265): CController->runActionWithFilters(Object(CInlineAction), Array)
#14 D:\APP DEVELOPMENT\Tutorial\Yii 2 Framework\Extension\yii-1.1.22\framework\web\CWebApplication.php(282): CController->run('index')
#15 D:\APP DEVELOPMENT\Tutorial\Yii 2 Framework\Extension\yii-1.1.22\framework\web\CWebApplication.php(141): CWebApplication->runController('guru/index')
#16 D:\APP DEVELOPMENT\Tutorial\Yii 2 Framework\Extension\yii-1.1.22\framework\base\CApplication.php(185): CWebApplication->processRequest()
#17 C:\xampp\htdocs\siska-yii\index.php(13): CApplication->run()
#18 {main}
REQUEST_URI=/siska-yii/index.php?r=guru/index&view=guru
HTTP_REFERER=http://localhost/siska-yii/
---
2020/06/01 14:27:10 [warning] [application] Failed to set unsafe attribute "file" of "CrudCode".
in C:\xampp\htdocs\siska-yii\index.php (13)
2020/06/01 14:27:12 [warning] [application] Failed to set unsafe attribute "file" of "CrudCode".
in C:\xampp\htdocs\siska-yii\index.php (13)
2020/06/01 14:51:05 [warning] [application] Failed to set unsafe attribute "file" of "CrudCode".
in C:\xampp\htdocs\siska-yii\index.php (13)
2020/06/01 14:51:08 [warning] [application] Failed to set unsafe attribute "file" of "CrudCode".
in C:\xampp\htdocs\siska-yii\index.php (13)
2020/06/01 14:51:46 [error] [exception.CException] CException: Property "GuruController.menuCaption" is not defined. in D:\APP DEVELOPMENT\Tutorial\Yii 2 Framework\Extension\yii-1.1.22\framework\base\CComponent.php:130
Stack trace:
#0 C:\xampp\htdocs\siska-yii\protected\extensions\heart\views\layouts\column2.php(9): CComponent->__get('menuCaption')
#1 D:\APP DEVELOPMENT\Tutorial\Yii 2 Framework\Extension\yii-1.1.22\framework\web\CBaseController.php(126): require('C:\\xampp\\htdocs...')
#2 D:\APP DEVELOPMENT\Tutorial\Yii 2 Framework\Extension\yii-1.1.22\framework\web\CBaseController.php(95): CBaseController->renderInternal('C:\\xampp\\htdocs...', Array, true)
#3 D:\APP DEVELOPMENT\Tutorial\Yii 2 Framework\Extension\yii-1.1.22\framework\web\CController.php(787): CBaseController->renderFile('C:\\xampp\\htdocs...', Array, true)
#4 C:\xampp\htdocs\siska-yii\protected\controllers\GuruController.php(127): CController->render('index', Array)
#5 D:\APP DEVELOPMENT\Tutorial\Yii 2 Framework\Extension\yii-1.1.22\framework\web\actions\CInlineAction.php(49): GuruController->actionIndex()
#6 D:\APP DEVELOPMENT\Tutorial\Yii 2 Framework\Extension\yii-1.1.22\framework\web\CController.php(308): CInlineAction->runWithParams(Array)
#7 D:\APP DEVELOPMENT\Tutorial\Yii 2 Framework\Extension\yii-1.1.22\framework\web\filters\CFilterChain.php(134): CController->runAction(Object(CInlineAction))
#8 D:\APP DEVELOPMENT\Tutorial\Yii 2 Framework\Extension\yii-1.1.22\framework\web\filters\CFilter.php(40): CFilterChain->run()
#9 D:\APP DEVELOPMENT\Tutorial\Yii 2 Framework\Extension\yii-1.1.22\framework\web\CController.php(1148): CFilter->filter(Object(CFilterChain))
#10 D:\APP DEVELOPMENT\Tutorial\Yii 2 Framework\Extension\yii-1.1.22\framework\web\filters\CInlineFilter.php(58): CController->filterAccessControl(Object(CFilterChain))
#11 D:\APP DEVELOPMENT\Tutorial\Yii 2 Framework\Extension\yii-1.1.22\framework\web\filters\CFilterChain.php(131): CInlineFilter->filter(Object(CFilterChain))
#12 D:\APP DEVELOPMENT\Tutorial\Yii 2 Framework\Extension\yii-1.1.22\framework\web\CController.php(291): CFilterChain->run()
#13 D:\APP DEVELOPMENT\Tutorial\Yii 2 Framework\Extension\yii-1.1.22\framework\web\CController.php(265): CController->runActionWithFilters(Object(CInlineAction), Array)
#14 D:\APP DEVELOPMENT\Tutorial\Yii 2 Framework\Extension\yii-1.1.22\framework\web\CWebApplication.php(282): CController->run('')
#15 D:\APP DEVELOPMENT\Tutorial\Yii 2 Framework\Extension\yii-1.1.22\framework\web\CWebApplication.php(141): CWebApplication->runController('guru')
#16 D:\APP DEVELOPMENT\Tutorial\Yii 2 Framework\Extension\yii-1.1.22\framework\base\CApplication.php(185): CWebApplication->processRequest()
#17 C:\xampp\htdocs\siska-yii\index.php(13): CApplication->run()
#18 {main}
REQUEST_URI=/siska-yii/index.php?r=guru
---
2020/06/01 14:52:04 [warning] [application] Failed to set unsafe attribute "file" of "CrudCode".
in C:\xampp\htdocs\siska-yii\index.php (13)
2020/06/01 14:52:18 [warning] [application] Failed to set unsafe attribute "file" of "CrudCode".
in C:\xampp\htdocs\siska-yii\index.php (13)
2020/06/01 14:52:24 [error] [php] require(C:\xampp\htdocs\siska-yii\protected\views\guru\_menu.php): failed to open stream: No such file or directory (C:\xampp\htdocs\siska-yii\protected\views\guru\index.php:10)
Stack trace:
#0 D:\APP DEVELOPMENT\Tutorial\Yii 2 Framework\Extension\yii-1.1.22\framework\web\CBaseController.php(95): GuruController->renderInternal()
#1 D:\APP DEVELOPMENT\Tutorial\Yii 2 Framework\Extension\yii-1.1.22\framework\web\CController.php(872): GuruController->renderFile()
#2 D:\APP DEVELOPMENT\Tutorial\Yii 2 Framework\Extension\yii-1.1.22\framework\web\CController.php(785): GuruController->renderPartial()
#3 C:\xampp\htdocs\siska-yii\protected\controllers\GuruController.php(234): GuruController->render()
#4 D:\APP DEVELOPMENT\Tutorial\Yii 2 Framework\Extension\yii-1.1.22\framework\web\actions\CInlineAction.php(49): GuruController->actionIndex()
#5 D:\APP DEVELOPMENT\Tutorial\Yii 2 Framework\Extension\yii-1.1.22\framework\web\CController.php(308): CInlineAction->runWithParams()
#6 D:\APP DEVELOPMENT\Tutorial\Yii 2 Framework\Extension\yii-1.1.22\framework\web\filters\CFilterChain.php(134): GuruController->runAction()
#7 D:\APP DEVELOPMENT\Tutorial\Yii 2 Framework\Extension\yii-1.1.22\framework\web\filters\CFilter.php(40): CFilterChain->run()
#8 D:\APP DEVELOPMENT\Tutorial\Yii 2 Framework\Extension\yii-1.1.22\framework\web\CController.php(1148): CAccessControlFilter->filter()
#9 D:\APP DEVELOPMENT\Tutorial\Yii 2 Framework\Extension\yii-1.1.22\framework\web\filters\CInlineFilter.php(58): GuruController->filterAccessControl()
#10 D:\APP DEVELOPMENT\Tutorial\Yii 2 Framework\Extension\yii-1.1.22\framework\web\filters\CFilterChain.php(131): CInlineFilter->filter()
#11 D:\APP DEVELOPMENT\Tutorial\Yii 2 Framework\Extension\yii-1.1.22\framework\web\CController.php(291): CFilterChain->run()
#12 D:\APP DEVELOPMENT\Tutorial\Yii 2 Framework\Extension\yii-1.1.22\framework\web\CController.php(265): GuruController->runActionWithFilters()
#13 D:\APP DEVELOPMENT\Tutorial\Yii 2 Framework\Extension\yii-1.1.22\framework\web\CWebApplication.php(282): GuruController->run()
#14 D:\APP DEVELOPMENT\Tutorial\Yii 2 Framework\Extension\yii-1.1.22\framework\web\CWebApplication.php(141): CWebApplication->runController()
#15 D:\APP DEVELOPMENT\Tutorial\Yii 2 Framework\Extension\yii-1.1.22\framework\base\CApplication.php(185): CWebApplication->processRequest()
#16 C:\xampp\htdocs\siska-yii\index.php(13): CWebApplication->run()
REQUEST_URI=/siska-yii/index.php?r=guru
in C:\xampp\htdocs\siska-yii\protected\views\guru\index.php (10)
in C:\xampp\htdocs\siska-yii\protected\views\guru\index.php (10)
in C:\xampp\htdocs\siska-yii\protected\controllers\GuruController.php (234)
2020/06/01 14:53:26 [warning] [application] Failed to set unsafe attribute "file" of "CrudCode".
in C:\xampp\htdocs\siska-yii\index.php (13)
2020/06/01 14:53:29 [warning] [application] Failed to set unsafe attribute "file" of "CrudCode".
in C:\xampp\htdocs\siska-yii\index.php (13)
2020/06/01 14:54:31 [warning] [application] Failed to set unsafe attribute "file" of "CrudCode".
in C:\xampp\htdocs\siska-yii\index.php (13)
2020/06/01 14:54:32 [warning] [application] Failed to set unsafe attribute "file" of "CrudCode".
in C:\xampp\htdocs\siska-yii\index.php (13)
2020/06/01 15:13:42 [warning] [application] Failed to set unsafe attribute "file" of "CrudCode".
in C:\xampp\htdocs\siska-yii\index.php (13)
2020/06/01 15:13:44 [warning] [application] Failed to set unsafe attribute "file" of "CrudCode".
in C:\xampp\htdocs\siska-yii\index.php (13)
2020/06/01 15:21:54 [error] [system.db.CDbCommand] CDbCommand::execute() failed: SQLSTATE[23505]: Unique violation: 7 ERROR:  duplicate key value violates unique constraint "guru_pkey"
DETAIL:  Key (id)=(1) already exists.. The SQL statement executed was: INSERT INTO "guru" ("id", "nip", "nama", "jabatan", "alamat") VALUES (:yp0, :yp1, :yp2, :yp3, :yp4).
in C:\xampp\htdocs\siska-yii\protected\controllers\GuruController.php (93)
in C:\xampp\htdocs\siska-yii\index.php (13)
2020/06/01 15:24:42 [error] [system.db.CDbCommand] CDbCommand::execute() failed: SQLSTATE[23503]: Foreign key violation: 7 ERROR:  insert or update on table "siswa" violates foreign key constraint "fk_user"
DETAIL:  Key (id_pendaftaran)=(1) is not present in table "users".. The SQL statement executed was: INSERT INTO "siswa" ("id_pendaftaran", "nis", "nama_siswa", "jenis_kelamin", "tempat_lahir", "tanggal_lahir", "agama", "alamat", "wali_siswa", "no_hp", "id_kelas", "angkatan", "id_user", "status") VALUES (:yp0, :yp1, :yp2, :yp3, :yp4, :yp5, :yp6, :yp7, :yp8, :yp9, :yp10, :yp11, :yp12, :yp13).
in C:\xampp\htdocs\siska-yii\protected\controllers\SiswaController.php (93)
in C:\xampp\htdocs\siska-yii\index.php (13)
2020/06/01 15:27:29 [error] [system.db.CDbCommand] CDbCommand::execute() failed: SQLSTATE[22001]: String data, right truncated: 7 ERROR:  value too long for type character(20). The SQL statement executed was: INSERT INTO "users" ("id_user", "nama_user", "password") VALUES (:yp0, :yp1, :yp2).
in C:\xampp\htdocs\siska-yii\protected\controllers\UsersController.php (93)
in C:\xampp\htdocs\siska-yii\index.php (13)
2020/06/01 15:27:52 [error] [system.db.CDbCommand] CDbCommand::execute() failed: SQLSTATE[22001]: String data, right truncated: 7 ERROR:  value too long for type character(20). The SQL statement executed was: INSERT INTO "users" ("id_user", "nama_user", "password") VALUES (:yp0, :yp1, :yp2).
in C:\xampp\htdocs\siska-yii\protected\controllers\UsersController.php (93)
in C:\xampp\htdocs\siska-yii\index.php (13)
2020/06/01 15:28:37 [error] [system.db.CDbCommand] CDbCommand::execute() failed: SQLSTATE[22001]: String data, right truncated: 7 ERROR:  value too long for type character(20). The SQL statement executed was: INSERT INTO "users" ("id_user", "nama_user", "password") VALUES (:yp0, :yp1, :yp2).
in C:\xampp\htdocs\siska-yii\protected\controllers\UsersController.php (93)
in C:\xampp\htdocs\siska-yii\index.php (13)
2020/06/01 15:28:54 [error] [system.db.CDbCommand] CDbCommand::execute() failed: SQLSTATE[22001]: String data, right truncated: 7 ERROR:  value too long for type character(20). The SQL statement executed was: INSERT INTO "users" ("id_user", "nama_user", "password") VALUES (:yp0, :yp1, :yp2).
in C:\xampp\htdocs\siska-yii\protected\controllers\UsersController.php (93)
in C:\xampp\htdocs\siska-yii\index.php (13)
2020/06/01 15:30:30 [error] [system.db.CDbCommand] CDbCommand::execute() failed: SQLSTATE[22001]: String data, right truncated: 7 ERROR:  value too long for type character(20). The SQL statement executed was: INSERT INTO "users" ("id_user", "nama_user", "password") VALUES (:yp0, :yp1, :yp2).
in C:\xampp\htdocs\siska-yii\protected\controllers\UsersController.php (93)
in C:\xampp\htdocs\siska-yii\index.php (13)
2020/06/01 15:31:32 [error] [system.db.CDbCommand] CDbCommand::execute() failed: SQLSTATE[22001]: String data, right truncated: 7 ERROR:  value too long for type character(8). The SQL statement executed was: INSERT INTO "users" ("id_user", "nama_user", "password") VALUES (:yp0, :yp1, :yp2).
in C:\xampp\htdocs\siska-yii\protected\controllers\UsersController.php (93)
in C:\xampp\htdocs\siska-yii\index.php (13)
2020/06/01 15:31:42 [error] [system.db.CDbCommand] CDbCommand::execute() failed: SQLSTATE[22001]: String data, right truncated: 7 ERROR:  value too long for type character(8). The SQL statement executed was: INSERT INTO "users" ("id_user", "nama_user", "password") VALUES (:yp0, :yp1, :yp2).
in C:\xampp\htdocs\siska-yii\protected\controllers\UsersController.php (93)
in C:\xampp\htdocs\siska-yii\index.php (13)
2020/06/01 15:33:06 [error] [system.db.CDbCommand] CDbCommand::execute() failed: SQLSTATE[22001]: String data, right truncated: 7 ERROR:  value too long for type character(8). The SQL statement executed was: INSERT INTO "users" ("id_user", "nama_user", "password") VALUES (:yp0, :yp1, :yp2).
in C:\xampp\htdocs\siska-yii\protected\controllers\UsersController.php (93)
in C:\xampp\htdocs\siska-yii\index.php (13)
2020/06/01 15:33:12 [error] [system.db.CDbCommand] CDbCommand::execute() failed: SQLSTATE[22001]: String data, right truncated: 7 ERROR:  value too long for type character(8). The SQL statement executed was: INSERT INTO "users" ("id_user", "nama_user", "password") VALUES (:yp0, :yp1, :yp2).
in C:\xampp\htdocs\siska-yii\protected\controllers\UsersController.php (93)
in C:\xampp\htdocs\siska-yii\index.php (13)
2020/06/01 15:34:05 [error] [system.db.CDbCommand] CDbCommand::execute() failed: SQLSTATE[22001]: String data, right truncated: 7 ERROR:  value too long for type character(8). The SQL statement executed was: INSERT INTO "users" ("id_user", "nama_user", "password") VALUES (:yp0, :yp1, :yp2).
in C:\xampp\htdocs\siska-yii\protected\controllers\UsersController.php (93)
in C:\xampp\htdocs\siska-yii\index.php (13)
2020/06/01 15:36:05 [warning] [application] Failed to set unsafe attribute "file" of "CrudCode".
in C:\xampp\htdocs\siska-yii\index.php (13)
2020/06/01 15:36:08 [warning] [application] Failed to set unsafe attribute "file" of "CrudCode".
in C:\xampp\htdocs\siska-yii\index.php (13)
